[2025-07-27T05:44:45.649+0000] {processor.py:161} INFO - Started process (PID=168) to work on /opt/airflow/dags/ml_pipeline_dag.py
[2025-07-27T05:44:45.650+0000] {processor.py:830} INFO - Processing file /opt/airflow/dags/ml_pipeline_dag.py for tasks to queue
[2025-07-27T05:44:45.652+0000] {logging_mixin.py:188} INFO - [2025-07-27T05:44:45.652+0000] {dagbag.py:545} INFO - Filling up the DagBag from /opt/airflow/dags/ml_pipeline_dag.py
[2025-07-27T05:44:45.691+0000] {processor.py:840} INFO - DAG(s) 'hw2_ml_pipeline' retrieved from /opt/airflow/dags/ml_pipeline_dag.py
[2025-07-27T05:44:45.975+0000] {logging_mixin.py:188} INFO - [2025-07-27T05:44:45.974+0000] {override.py:1858} INFO - Created Permission View: can read on DAG:hw2_ml_pipeline
[2025-07-27T05:44:45.984+0000] {logging_mixin.py:188} INFO - [2025-07-27T05:44:45.984+0000] {override.py:1858} INFO - Created Permission View: can edit on DAG:hw2_ml_pipeline
[2025-07-27T05:44:45.991+0000] {logging_mixin.py:188} INFO - [2025-07-27T05:44:45.991+0000] {override.py:1858} INFO - Created Permission View: can delete on DAG:hw2_ml_pipeline
[2025-07-27T05:44:45.992+0000] {logging_mixin.py:188} INFO - [2025-07-27T05:44:45.992+0000] {dag.py:3089} INFO - Sync 1 DAGs
[2025-07-27T05:44:46.002+0000] {logging_mixin.py:188} INFO - [2025-07-27T05:44:46.001+0000] {dag.py:3111} INFO - Creating ORM DAG for hw2_ml_pipeline
[2025-07-27T05:44:46.003+0000] {logging_mixin.py:188} INFO - [2025-07-27T05:44:46.003+0000] {dag.py:3947} INFO - Setting next_dagrun for hw2_ml_pipeline to None, run_after=None
[2025-07-27T05:44:46.023+0000] {processor.py:183} INFO - Processing /opt/airflow/dags/ml_pipeline_dag.py took 0.380 seconds
[2025-07-27T05:45:16.180+0000] {processor.py:161} INFO - Started process (PID=173) to work on /opt/airflow/dags/ml_pipeline_dag.py
[2025-07-27T05:45:16.181+0000] {processor.py:830} INFO - Processing file /opt/airflow/dags/ml_pipeline_dag.py for tasks to queue
[2025-07-27T05:45:16.183+0000] {logging_mixin.py:188} INFO - [2025-07-27T05:45:16.183+0000] {dagbag.py:545} INFO - Filling up the DagBag from /opt/airflow/dags/ml_pipeline_dag.py
[2025-07-27T05:45:16.200+0000] {processor.py:840} INFO - DAG(s) 'hw2_ml_pipeline' retrieved from /opt/airflow/dags/ml_pipeline_dag.py
[2025-07-27T05:45:16.231+0000] {logging_mixin.py:188} INFO - [2025-07-27T05:45:16.231+0000] {dag.py:3089} INFO - Sync 1 DAGs
[2025-07-27T05:45:16.245+0000] {logging_mixin.py:188} INFO - [2025-07-27T05:45:16.245+0000] {dag.py:3947} INFO - Setting next_dagrun for hw2_ml_pipeline to None, run_after=None
[2025-07-27T05:45:16.269+0000] {processor.py:183} INFO - Processing /opt/airflow/dags/ml_pipeline_dag.py took 0.096 seconds
[2025-07-27T05:45:46.329+0000] {processor.py:161} INFO - Started process (PID=178) to work on /opt/airflow/dags/ml_pipeline_dag.py
[2025-07-27T05:45:46.330+0000] {processor.py:830} INFO - Processing file /opt/airflow/dags/ml_pipeline_dag.py for tasks to queue
[2025-07-27T05:45:46.332+0000] {logging_mixin.py:188} INFO - [2025-07-27T05:45:46.331+0000] {dagbag.py:545} INFO - Filling up the DagBag from /opt/airflow/dags/ml_pipeline_dag.py
[2025-07-27T05:45:46.348+0000] {processor.py:840} INFO - DAG(s) 'hw2_ml_pipeline' retrieved from /opt/airflow/dags/ml_pipeline_dag.py
[2025-07-27T05:45:46.376+0000] {logging_mixin.py:188} INFO - [2025-07-27T05:45:46.376+0000] {dag.py:3089} INFO - Sync 1 DAGs
[2025-07-27T05:45:46.389+0000] {logging_mixin.py:188} INFO - [2025-07-27T05:45:46.389+0000] {dag.py:3947} INFO - Setting next_dagrun for hw2_ml_pipeline to None, run_after=None
[2025-07-27T05:45:46.412+0000] {processor.py:183} INFO - Processing /opt/airflow/dags/ml_pipeline_dag.py took 0.089 seconds
[2025-07-27T05:46:16.550+0000] {processor.py:161} INFO - Started process (PID=183) to work on /opt/airflow/dags/ml_pipeline_dag.py
[2025-07-27T05:46:16.550+0000] {processor.py:830} INFO - Processing file /opt/airflow/dags/ml_pipeline_dag.py for tasks to queue
[2025-07-27T05:46:16.552+0000] {logging_mixin.py:188} INFO - [2025-07-27T05:46:16.552+0000] {dagbag.py:545} INFO - Filling up the DagBag from /opt/airflow/dags/ml_pipeline_dag.py
[2025-07-27T05:46:16.568+0000] {processor.py:840} INFO - DAG(s) 'hw2_ml_pipeline' retrieved from /opt/airflow/dags/ml_pipeline_dag.py
[2025-07-27T05:46:16.598+0000] {logging_mixin.py:188} INFO - [2025-07-27T05:46:16.598+0000] {dag.py:3089} INFO - Sync 1 DAGs
[2025-07-27T05:46:16.609+0000] {logging_mixin.py:188} INFO - [2025-07-27T05:46:16.609+0000] {dag.py:3947} INFO - Setting next_dagrun for hw2_ml_pipeline to None, run_after=None
[2025-07-27T05:46:16.632+0000] {processor.py:183} INFO - Processing /opt/airflow/dags/ml_pipeline_dag.py took 0.088 seconds
[2025-07-27T05:46:46.708+0000] {processor.py:161} INFO - Started process (PID=188) to work on /opt/airflow/dags/ml_pipeline_dag.py
[2025-07-27T05:46:46.709+0000] {processor.py:830} INFO - Processing file /opt/airflow/dags/ml_pipeline_dag.py for tasks to queue
[2025-07-27T05:46:46.711+0000] {logging_mixin.py:188} INFO - [2025-07-27T05:46:46.710+0000] {dagbag.py:545} INFO - Filling up the DagBag from /opt/airflow/dags/ml_pipeline_dag.py
[2025-07-27T05:46:46.727+0000] {processor.py:840} INFO - DAG(s) 'hw2_ml_pipeline' retrieved from /opt/airflow/dags/ml_pipeline_dag.py
[2025-07-27T05:46:46.757+0000] {logging_mixin.py:188} INFO - [2025-07-27T05:46:46.757+0000] {dag.py:3089} INFO - Sync 1 DAGs
[2025-07-27T05:46:46.768+0000] {logging_mixin.py:188} INFO - [2025-07-27T05:46:46.768+0000] {dag.py:3947} INFO - Setting next_dagrun for hw2_ml_pipeline to None, run_after=None
[2025-07-27T05:46:46.785+0000] {processor.py:183} INFO - Processing /opt/airflow/dags/ml_pipeline_dag.py took 0.085 seconds
[2025-07-27T05:47:16.919+0000] {processor.py:161} INFO - Started process (PID=193) to work on /opt/airflow/dags/ml_pipeline_dag.py
[2025-07-27T05:47:16.920+0000] {processor.py:830} INFO - Processing file /opt/airflow/dags/ml_pipeline_dag.py for tasks to queue
[2025-07-27T05:47:16.922+0000] {logging_mixin.py:188} INFO - [2025-07-27T05:47:16.921+0000] {dagbag.py:545} INFO - Filling up the DagBag from /opt/airflow/dags/ml_pipeline_dag.py
[2025-07-27T05:47:16.939+0000] {processor.py:840} INFO - DAG(s) 'hw2_ml_pipeline' retrieved from /opt/airflow/dags/ml_pipeline_dag.py
[2025-07-27T05:47:16.968+0000] {logging_mixin.py:188} INFO - [2025-07-27T05:47:16.968+0000] {dag.py:3089} INFO - Sync 1 DAGs
[2025-07-27T05:47:16.979+0000] {logging_mixin.py:188} INFO - [2025-07-27T05:47:16.978+0000] {dag.py:3947} INFO - Setting next_dagrun for hw2_ml_pipeline to None, run_after=None
[2025-07-27T05:47:16.995+0000] {processor.py:183} INFO - Processing /opt/airflow/dags/ml_pipeline_dag.py took 0.081 seconds
[2025-07-27T05:47:47.077+0000] {processor.py:161} INFO - Started process (PID=200) to work on /opt/airflow/dags/ml_pipeline_dag.py
[2025-07-27T05:47:47.078+0000] {processor.py:830} INFO - Processing file /opt/airflow/dags/ml_pipeline_dag.py for tasks to queue
[2025-07-27T05:47:47.080+0000] {logging_mixin.py:188} INFO - [2025-07-27T05:47:47.080+0000] {dagbag.py:545} INFO - Filling up the DagBag from /opt/airflow/dags/ml_pipeline_dag.py
[2025-07-27T05:47:47.097+0000] {processor.py:840} INFO - DAG(s) 'hw2_ml_pipeline' retrieved from /opt/airflow/dags/ml_pipeline_dag.py
[2025-07-27T05:47:47.126+0000] {logging_mixin.py:188} INFO - [2025-07-27T05:47:47.125+0000] {dag.py:3089} INFO - Sync 1 DAGs
[2025-07-27T05:47:47.137+0000] {logging_mixin.py:188} INFO - [2025-07-27T05:47:47.137+0000] {dag.py:3947} INFO - Setting next_dagrun for hw2_ml_pipeline to None, run_after=None
[2025-07-27T05:47:47.153+0000] {processor.py:183} INFO - Processing /opt/airflow/dags/ml_pipeline_dag.py took 0.082 seconds
[2025-07-27T05:48:17.293+0000] {processor.py:161} INFO - Started process (PID=205) to work on /opt/airflow/dags/ml_pipeline_dag.py
[2025-07-27T05:48:17.295+0000] {processor.py:830} INFO - Processing file /opt/airflow/dags/ml_pipeline_dag.py for tasks to queue
[2025-07-27T05:48:17.298+0000] {logging_mixin.py:188} INFO - [2025-07-27T05:48:17.297+0000] {dagbag.py:545} INFO - Filling up the DagBag from /opt/airflow/dags/ml_pipeline_dag.py
[2025-07-27T05:48:17.322+0000] {processor.py:840} INFO - DAG(s) 'hw2_ml_pipeline' retrieved from /opt/airflow/dags/ml_pipeline_dag.py
[2025-07-27T05:48:17.356+0000] {logging_mixin.py:188} INFO - [2025-07-27T05:48:17.355+0000] {dag.py:3089} INFO - Sync 1 DAGs
[2025-07-27T05:48:17.369+0000] {logging_mixin.py:188} INFO - [2025-07-27T05:48:17.369+0000] {dag.py:3947} INFO - Setting next_dagrun for hw2_ml_pipeline to None, run_after=None
[2025-07-27T05:48:17.397+0000] {processor.py:183} INFO - Processing /opt/airflow/dags/ml_pipeline_dag.py took 0.112 seconds
[2025-07-27T05:48:47.449+0000] {processor.py:161} INFO - Started process (PID=210) to work on /opt/airflow/dags/ml_pipeline_dag.py
[2025-07-27T05:48:47.450+0000] {processor.py:830} INFO - Processing file /opt/airflow/dags/ml_pipeline_dag.py for tasks to queue
[2025-07-27T05:48:47.452+0000] {logging_mixin.py:188} INFO - [2025-07-27T05:48:47.451+0000] {dagbag.py:545} INFO - Filling up the DagBag from /opt/airflow/dags/ml_pipeline_dag.py
[2025-07-27T05:48:47.470+0000] {processor.py:840} INFO - DAG(s) 'hw2_ml_pipeline' retrieved from /opt/airflow/dags/ml_pipeline_dag.py
[2025-07-27T05:48:47.501+0000] {logging_mixin.py:188} INFO - [2025-07-27T05:48:47.500+0000] {dag.py:3089} INFO - Sync 1 DAGs
[2025-07-27T05:48:47.514+0000] {logging_mixin.py:188} INFO - [2025-07-27T05:48:47.514+0000] {dag.py:3947} INFO - Setting next_dagrun for hw2_ml_pipeline to None, run_after=None
[2025-07-27T05:48:47.533+0000] {processor.py:183} INFO - Processing /opt/airflow/dags/ml_pipeline_dag.py took 0.091 seconds
[2025-07-27T05:49:17.688+0000] {processor.py:161} INFO - Started process (PID=215) to work on /opt/airflow/dags/ml_pipeline_dag.py
[2025-07-27T05:49:17.689+0000] {processor.py:830} INFO - Processing file /opt/airflow/dags/ml_pipeline_dag.py for tasks to queue
[2025-07-27T05:49:17.691+0000] {logging_mixin.py:188} INFO - [2025-07-27T05:49:17.690+0000] {dagbag.py:545} INFO - Filling up the DagBag from /opt/airflow/dags/ml_pipeline_dag.py
[2025-07-27T05:49:17.708+0000] {processor.py:840} INFO - DAG(s) 'hw2_ml_pipeline' retrieved from /opt/airflow/dags/ml_pipeline_dag.py
[2025-07-27T05:49:17.744+0000] {logging_mixin.py:188} INFO - [2025-07-27T05:49:17.744+0000] {dag.py:3089} INFO - Sync 1 DAGs
[2025-07-27T05:49:17.757+0000] {logging_mixin.py:188} INFO - [2025-07-27T05:49:17.757+0000] {dag.py:3947} INFO - Setting next_dagrun for hw2_ml_pipeline to None, run_after=None
[2025-07-27T05:49:17.775+0000] {processor.py:183} INFO - Processing /opt/airflow/dags/ml_pipeline_dag.py took 0.093 seconds
[2025-07-27T05:49:47.869+0000] {processor.py:161} INFO - Started process (PID=220) to work on /opt/airflow/dags/ml_pipeline_dag.py
[2025-07-27T05:49:47.869+0000] {processor.py:830} INFO - Processing file /opt/airflow/dags/ml_pipeline_dag.py for tasks to queue
[2025-07-27T05:49:47.871+0000] {logging_mixin.py:188} INFO - [2025-07-27T05:49:47.871+0000] {dagbag.py:545} INFO - Filling up the DagBag from /opt/airflow/dags/ml_pipeline_dag.py
[2025-07-27T05:49:47.888+0000] {processor.py:840} INFO - DAG(s) 'hw2_ml_pipeline' retrieved from /opt/airflow/dags/ml_pipeline_dag.py
[2025-07-27T05:49:47.917+0000] {logging_mixin.py:188} INFO - [2025-07-27T05:49:47.917+0000] {dag.py:3089} INFO - Sync 1 DAGs
[2025-07-27T05:49:47.929+0000] {logging_mixin.py:188} INFO - [2025-07-27T05:49:47.928+0000] {dag.py:3947} INFO - Setting next_dagrun for hw2_ml_pipeline to None, run_after=None
[2025-07-27T05:49:47.952+0000] {processor.py:183} INFO - Processing /opt/airflow/dags/ml_pipeline_dag.py took 0.089 seconds
[2025-07-27T05:50:18.067+0000] {processor.py:161} INFO - Started process (PID=225) to work on /opt/airflow/dags/ml_pipeline_dag.py
[2025-07-27T05:50:18.068+0000] {processor.py:830} INFO - Processing file /opt/airflow/dags/ml_pipeline_dag.py for tasks to queue
[2025-07-27T05:50:18.070+0000] {logging_mixin.py:188} INFO - [2025-07-27T05:50:18.069+0000] {dagbag.py:545} INFO - Filling up the DagBag from /opt/airflow/dags/ml_pipeline_dag.py
[2025-07-27T05:50:18.086+0000] {processor.py:840} INFO - DAG(s) 'hw2_ml_pipeline' retrieved from /opt/airflow/dags/ml_pipeline_dag.py
[2025-07-27T05:50:18.114+0000] {logging_mixin.py:188} INFO - [2025-07-27T05:50:18.114+0000] {dag.py:3089} INFO - Sync 1 DAGs
[2025-07-27T05:50:18.127+0000] {logging_mixin.py:188} INFO - [2025-07-27T05:50:18.126+0000] {dag.py:3947} INFO - Setting next_dagrun for hw2_ml_pipeline to None, run_after=None
[2025-07-27T05:50:18.144+0000] {processor.py:183} INFO - Processing /opt/airflow/dags/ml_pipeline_dag.py took 0.082 seconds
[2025-07-27T05:50:48.244+0000] {processor.py:161} INFO - Started process (PID=230) to work on /opt/airflow/dags/ml_pipeline_dag.py
[2025-07-27T05:50:48.244+0000] {processor.py:830} INFO - Processing file /opt/airflow/dags/ml_pipeline_dag.py for tasks to queue
[2025-07-27T05:50:48.246+0000] {logging_mixin.py:188} INFO - [2025-07-27T05:50:48.246+0000] {dagbag.py:545} INFO - Filling up the DagBag from /opt/airflow/dags/ml_pipeline_dag.py
[2025-07-27T05:50:48.263+0000] {processor.py:840} INFO - DAG(s) 'hw2_ml_pipeline' retrieved from /opt/airflow/dags/ml_pipeline_dag.py
[2025-07-27T05:50:48.294+0000] {logging_mixin.py:188} INFO - [2025-07-27T05:50:48.294+0000] {dag.py:3089} INFO - Sync 1 DAGs
[2025-07-27T05:50:48.306+0000] {logging_mixin.py:188} INFO - [2025-07-27T05:50:48.306+0000] {dag.py:3947} INFO - Setting next_dagrun for hw2_ml_pipeline to None, run_after=None
[2025-07-27T05:50:48.322+0000] {processor.py:183} INFO - Processing /opt/airflow/dags/ml_pipeline_dag.py took 0.084 seconds
[2025-07-27T05:51:18.439+0000] {processor.py:161} INFO - Started process (PID=235) to work on /opt/airflow/dags/ml_pipeline_dag.py
[2025-07-27T05:51:18.440+0000] {processor.py:830} INFO - Processing file /opt/airflow/dags/ml_pipeline_dag.py for tasks to queue
[2025-07-27T05:51:18.441+0000] {logging_mixin.py:188} INFO - [2025-07-27T05:51:18.441+0000] {dagbag.py:545} INFO - Filling up the DagBag from /opt/airflow/dags/ml_pipeline_dag.py
[2025-07-27T05:51:18.458+0000] {processor.py:840} INFO - DAG(s) 'hw2_ml_pipeline' retrieved from /opt/airflow/dags/ml_pipeline_dag.py
[2025-07-27T05:51:18.486+0000] {logging_mixin.py:188} INFO - [2025-07-27T05:51:18.486+0000] {dag.py:3089} INFO - Sync 1 DAGs
[2025-07-27T05:51:18.499+0000] {logging_mixin.py:188} INFO - [2025-07-27T05:51:18.498+0000] {dag.py:3947} INFO - Setting next_dagrun for hw2_ml_pipeline to None, run_after=None
[2025-07-27T05:51:18.515+0000] {processor.py:183} INFO - Processing /opt/airflow/dags/ml_pipeline_dag.py took 0.081 seconds
[2025-07-27T05:51:48.605+0000] {processor.py:161} INFO - Started process (PID=240) to work on /opt/airflow/dags/ml_pipeline_dag.py
[2025-07-27T05:51:48.606+0000] {processor.py:830} INFO - Processing file /opt/airflow/dags/ml_pipeline_dag.py for tasks to queue
[2025-07-27T05:51:48.607+0000] {logging_mixin.py:188} INFO - [2025-07-27T05:51:48.607+0000] {dagbag.py:545} INFO - Filling up the DagBag from /opt/airflow/dags/ml_pipeline_dag.py
[2025-07-27T05:51:48.624+0000] {processor.py:840} INFO - DAG(s) 'hw2_ml_pipeline' retrieved from /opt/airflow/dags/ml_pipeline_dag.py
[2025-07-27T05:51:48.653+0000] {logging_mixin.py:188} INFO - [2025-07-27T05:51:48.653+0000] {dag.py:3089} INFO - Sync 1 DAGs
[2025-07-27T05:51:48.664+0000] {logging_mixin.py:188} INFO - [2025-07-27T05:51:48.664+0000] {dag.py:3947} INFO - Setting next_dagrun for hw2_ml_pipeline to None, run_after=None
[2025-07-27T05:51:48.680+0000] {processor.py:183} INFO - Processing /opt/airflow/dags/ml_pipeline_dag.py took 0.080 seconds
[2025-07-27T05:52:18.810+0000] {processor.py:161} INFO - Started process (PID=245) to work on /opt/airflow/dags/ml_pipeline_dag.py
[2025-07-27T05:52:18.811+0000] {processor.py:830} INFO - Processing file /opt/airflow/dags/ml_pipeline_dag.py for tasks to queue
[2025-07-27T05:52:18.812+0000] {logging_mixin.py:188} INFO - [2025-07-27T05:52:18.812+0000] {dagbag.py:545} INFO - Filling up the DagBag from /opt/airflow/dags/ml_pipeline_dag.py
[2025-07-27T05:52:18.829+0000] {processor.py:840} INFO - DAG(s) 'hw2_ml_pipeline' retrieved from /opt/airflow/dags/ml_pipeline_dag.py
[2025-07-27T05:52:18.856+0000] {logging_mixin.py:188} INFO - [2025-07-27T05:52:18.856+0000] {dag.py:3089} INFO - Sync 1 DAGs
[2025-07-27T05:52:18.868+0000] {logging_mixin.py:188} INFO - [2025-07-27T05:52:18.868+0000] {dag.py:3947} INFO - Setting next_dagrun for hw2_ml_pipeline to None, run_after=None
[2025-07-27T05:52:18.891+0000] {processor.py:183} INFO - Processing /opt/airflow/dags/ml_pipeline_dag.py took 0.087 seconds
[2025-07-27T05:52:32.895+0000] {processor.py:161} INFO - Started process (PID=250) to work on /opt/airflow/dags/ml_pipeline_dag.py
[2025-07-27T05:52:32.896+0000] {processor.py:830} INFO - Processing file /opt/airflow/dags/ml_pipeline_dag.py for tasks to queue
[2025-07-27T05:52:32.898+0000] {logging_mixin.py:188} INFO - [2025-07-27T05:52:32.898+0000] {dagbag.py:545} INFO - Filling up the DagBag from /opt/airflow/dags/ml_pipeline_dag.py
[2025-07-27T05:52:32.932+0000] {logging_mixin.py:188} INFO - [2025-07-27T05:52:32.927+0000] {dagbag.py:355} ERROR - Failed to import: /opt/airflow/dags/ml_pipeline_dag.py
Traceback (most recent call last):
  File "/home/airflow/.local/lib/python3.12/site-packages/airflow/models/dagbag.py", line 351, in parse
    loader.exec_module(new_module)
  File "<frozen importlib._bootstrap_external>", line 995, in exec_module
  File "<frozen importlib._bootstrap>", line 488, in _call_with_frames_removed
  File "/opt/airflow/dags/ml_pipeline_dag.py", line 19, in <module>
    run_pipeline = DockerOperator(
                   ^^^^^^^^^^^^^^^
  File "/home/airflow/.local/lib/python3.12/site-packages/airflow/models/baseoperator.py", line 485, in apply_defaults
    result = func(self, **kwargs, default_args=default_args)
             ^^^^^^^^^^^^^^^^^^^^^^^^^^^^^^^^^^^^^^^^^^^^^^^
  File "/home/airflow/.local/lib/python3.12/site-packages/airflow/providers/docker/operators/docker.py", line 273, in __init__
    super().__init__(**kwargs)
  File "/home/airflow/.local/lib/python3.12/site-packages/airflow/models/baseoperator.py", line 485, in apply_defaults
    result = func(self, **kwargs, default_args=default_args)
             ^^^^^^^^^^^^^^^^^^^^^^^^^^^^^^^^^^^^^^^^^^^^^^^
  File "/home/airflow/.local/lib/python3.12/site-packages/airflow/models/baseoperator.py", line 882, in __init__
    raise AirflowException(
airflow.exceptions.AirflowException: Invalid arguments were passed to DockerOperator (task_id: run_full_pipeline). Invalid arguments were:
**kwargs: {'volumes': ['/opt/data:/app/data', '/opt/models:/app/models']}
[2025-07-27T05:52:32.933+0000] {processor.py:842} WARNING - No viable dags retrieved from /opt/airflow/dags/ml_pipeline_dag.py
[2025-07-27T05:52:32.959+0000] {processor.py:183} INFO - Processing /opt/airflow/dags/ml_pipeline_dag.py took 0.070 seconds
[2025-07-27T05:53:02.610+0000] {processor.py:161} INFO - Started process (PID=168) to work on /opt/airflow/dags/ml_pipeline_dag.py
[2025-07-27T05:53:02.611+0000] {processor.py:830} INFO - Processing file /opt/airflow/dags/ml_pipeline_dag.py for tasks to queue
[2025-07-27T05:53:02.613+0000] {logging_mixin.py:188} INFO - [2025-07-27T05:53:02.613+0000] {dagbag.py:545} INFO - Filling up the DagBag from /opt/airflow/dags/ml_pipeline_dag.py
[2025-07-27T05:53:02.628+0000] {logging_mixin.py:188} INFO - [2025-07-27T05:53:02.624+0000] {dagbag.py:355} ERROR - Failed to import: /opt/airflow/dags/ml_pipeline_dag.py
Traceback (most recent call last):
  File "/home/airflow/.local/lib/python3.12/site-packages/airflow/models/dagbag.py", line 351, in parse
    loader.exec_module(new_module)
  File "<frozen importlib._bootstrap_external>", line 995, in exec_module
  File "<frozen importlib._bootstrap>", line 488, in _call_with_frames_removed
  File "/opt/airflow/dags/ml_pipeline_dag.py", line 19, in <module>
    run_pipeline = DockerOperator(
                   ^^^^^^^^^^^^^^^
  File "/home/airflow/.local/lib/python3.12/site-packages/airflow/models/baseoperator.py", line 485, in apply_defaults
    result = func(self, **kwargs, default_args=default_args)
             ^^^^^^^^^^^^^^^^^^^^^^^^^^^^^^^^^^^^^^^^^^^^^^^
  File "/home/airflow/.local/lib/python3.12/site-packages/airflow/providers/docker/operators/docker.py", line 273, in __init__
    super().__init__(**kwargs)
  File "/home/airflow/.local/lib/python3.12/site-packages/airflow/models/baseoperator.py", line 485, in apply_defaults
    result = func(self, **kwargs, default_args=default_args)
             ^^^^^^^^^^^^^^^^^^^^^^^^^^^^^^^^^^^^^^^^^^^^^^^
  File "/home/airflow/.local/lib/python3.12/site-packages/airflow/models/baseoperator.py", line 882, in __init__
    raise AirflowException(
airflow.exceptions.AirflowException: Invalid arguments were passed to DockerOperator (task_id: run_full_pipeline). Invalid arguments were:
**kwargs: {'volumes': ['/opt/data:/app/data', '/opt/models:/app/models']}
[2025-07-27T05:53:02.629+0000] {processor.py:842} WARNING - No viable dags retrieved from /opt/airflow/dags/ml_pipeline_dag.py
[2025-07-27T05:53:02.655+0000] {processor.py:183} INFO - Processing /opt/airflow/dags/ml_pipeline_dag.py took 0.050 seconds
[2025-07-27T05:53:32.804+0000] {processor.py:161} INFO - Started process (PID=173) to work on /opt/airflow/dags/ml_pipeline_dag.py
[2025-07-27T05:53:32.805+0000] {processor.py:830} INFO - Processing file /opt/airflow/dags/ml_pipeline_dag.py for tasks to queue
[2025-07-27T05:53:32.807+0000] {logging_mixin.py:188} INFO - [2025-07-27T05:53:32.807+0000] {dagbag.py:545} INFO - Filling up the DagBag from /opt/airflow/dags/ml_pipeline_dag.py
[2025-07-27T05:53:32.824+0000] {logging_mixin.py:188} INFO - [2025-07-27T05:53:32.819+0000] {dagbag.py:355} ERROR - Failed to import: /opt/airflow/dags/ml_pipeline_dag.py
Traceback (most recent call last):
  File "/home/airflow/.local/lib/python3.12/site-packages/airflow/models/dagbag.py", line 351, in parse
    loader.exec_module(new_module)
  File "<frozen importlib._bootstrap_external>", line 995, in exec_module
  File "<frozen importlib._bootstrap>", line 488, in _call_with_frames_removed
  File "/opt/airflow/dags/ml_pipeline_dag.py", line 19, in <module>
    run_pipeline = DockerOperator(
                   ^^^^^^^^^^^^^^^
  File "/home/airflow/.local/lib/python3.12/site-packages/airflow/models/baseoperator.py", line 485, in apply_defaults
    result = func(self, **kwargs, default_args=default_args)
             ^^^^^^^^^^^^^^^^^^^^^^^^^^^^^^^^^^^^^^^^^^^^^^^
  File "/home/airflow/.local/lib/python3.12/site-packages/airflow/providers/docker/operators/docker.py", line 273, in __init__
    super().__init__(**kwargs)
  File "/home/airflow/.local/lib/python3.12/site-packages/airflow/models/baseoperator.py", line 485, in apply_defaults
    result = func(self, **kwargs, default_args=default_args)
             ^^^^^^^^^^^^^^^^^^^^^^^^^^^^^^^^^^^^^^^^^^^^^^^
  File "/home/airflow/.local/lib/python3.12/site-packages/airflow/models/baseoperator.py", line 882, in __init__
    raise AirflowException(
airflow.exceptions.AirflowException: Invalid arguments were passed to DockerOperator (task_id: run_full_pipeline). Invalid arguments were:
**kwargs: {'volumes': ['/opt/data:/app/data', '/opt/models:/app/models']}
[2025-07-27T05:53:32.824+0000] {processor.py:842} WARNING - No viable dags retrieved from /opt/airflow/dags/ml_pipeline_dag.py
[2025-07-27T05:53:32.846+0000] {processor.py:183} INFO - Processing /opt/airflow/dags/ml_pipeline_dag.py took 0.049 seconds
[2025-07-27T05:54:02.972+0000] {processor.py:161} INFO - Started process (PID=178) to work on /opt/airflow/dags/ml_pipeline_dag.py
[2025-07-27T05:54:02.973+0000] {processor.py:830} INFO - Processing file /opt/airflow/dags/ml_pipeline_dag.py for tasks to queue
[2025-07-27T05:54:02.974+0000] {logging_mixin.py:188} INFO - [2025-07-27T05:54:02.974+0000] {dagbag.py:545} INFO - Filling up the DagBag from /opt/airflow/dags/ml_pipeline_dag.py
[2025-07-27T05:54:02.994+0000] {logging_mixin.py:188} INFO - [2025-07-27T05:54:02.989+0000] {dagbag.py:355} ERROR - Failed to import: /opt/airflow/dags/ml_pipeline_dag.py
Traceback (most recent call last):
  File "/home/airflow/.local/lib/python3.12/site-packages/airflow/models/dagbag.py", line 351, in parse
    loader.exec_module(new_module)
  File "<frozen importlib._bootstrap_external>", line 995, in exec_module
  File "<frozen importlib._bootstrap>", line 488, in _call_with_frames_removed
  File "/opt/airflow/dags/ml_pipeline_dag.py", line 19, in <module>
    run_pipeline = DockerOperator(
                   ^^^^^^^^^^^^^^^
  File "/home/airflow/.local/lib/python3.12/site-packages/airflow/models/baseoperator.py", line 485, in apply_defaults
    result = func(self, **kwargs, default_args=default_args)
             ^^^^^^^^^^^^^^^^^^^^^^^^^^^^^^^^^^^^^^^^^^^^^^^
  File "/home/airflow/.local/lib/python3.12/site-packages/airflow/providers/docker/operators/docker.py", line 273, in __init__
    super().__init__(**kwargs)
  File "/home/airflow/.local/lib/python3.12/site-packages/airflow/models/baseoperator.py", line 485, in apply_defaults
    result = func(self, **kwargs, default_args=default_args)
             ^^^^^^^^^^^^^^^^^^^^^^^^^^^^^^^^^^^^^^^^^^^^^^^
  File "/home/airflow/.local/lib/python3.12/site-packages/airflow/models/baseoperator.py", line 882, in __init__
    raise AirflowException(
airflow.exceptions.AirflowException: Invalid arguments were passed to DockerOperator (task_id: run_full_pipeline). Invalid arguments were:
**kwargs: {'volumes': ['/opt/data:/app/data', '/opt/models:/app/models']}
[2025-07-27T05:54:02.995+0000] {processor.py:842} WARNING - No viable dags retrieved from /opt/airflow/dags/ml_pipeline_dag.py
[2025-07-27T05:54:03.017+0000] {processor.py:183} INFO - Processing /opt/airflow/dags/ml_pipeline_dag.py took 0.051 seconds
[2025-07-27T05:54:33.141+0000] {processor.py:161} INFO - Started process (PID=183) to work on /opt/airflow/dags/ml_pipeline_dag.py
[2025-07-27T05:54:33.142+0000] {processor.py:830} INFO - Processing file /opt/airflow/dags/ml_pipeline_dag.py for tasks to queue
[2025-07-27T05:54:33.143+0000] {logging_mixin.py:188} INFO - [2025-07-27T05:54:33.142+0000] {dagbag.py:545} INFO - Filling up the DagBag from /opt/airflow/dags/ml_pipeline_dag.py
[2025-07-27T05:54:33.158+0000] {logging_mixin.py:188} INFO - [2025-07-27T05:54:33.154+0000] {dagbag.py:355} ERROR - Failed to import: /opt/airflow/dags/ml_pipeline_dag.py
Traceback (most recent call last):
  File "/home/airflow/.local/lib/python3.12/site-packages/airflow/models/dagbag.py", line 351, in parse
    loader.exec_module(new_module)
  File "<frozen importlib._bootstrap_external>", line 995, in exec_module
  File "<frozen importlib._bootstrap>", line 488, in _call_with_frames_removed
  File "/opt/airflow/dags/ml_pipeline_dag.py", line 19, in <module>
    run_pipeline = DockerOperator(
                   ^^^^^^^^^^^^^^^
  File "/home/airflow/.local/lib/python3.12/site-packages/airflow/models/baseoperator.py", line 485, in apply_defaults
    result = func(self, **kwargs, default_args=default_args)
             ^^^^^^^^^^^^^^^^^^^^^^^^^^^^^^^^^^^^^^^^^^^^^^^
  File "/home/airflow/.local/lib/python3.12/site-packages/airflow/providers/docker/operators/docker.py", line 273, in __init__
    super().__init__(**kwargs)
  File "/home/airflow/.local/lib/python3.12/site-packages/airflow/models/baseoperator.py", line 485, in apply_defaults
    result = func(self, **kwargs, default_args=default_args)
             ^^^^^^^^^^^^^^^^^^^^^^^^^^^^^^^^^^^^^^^^^^^^^^^
  File "/home/airflow/.local/lib/python3.12/site-packages/airflow/models/baseoperator.py", line 882, in __init__
    raise AirflowException(
airflow.exceptions.AirflowException: Invalid arguments were passed to DockerOperator (task_id: run_full_pipeline). Invalid arguments were:
**kwargs: {'volumes': ['/opt/data:/app/data', '/opt/models:/app/models']}
[2025-07-27T05:54:33.158+0000] {processor.py:842} WARNING - No viable dags retrieved from /opt/airflow/dags/ml_pipeline_dag.py
[2025-07-27T05:54:33.185+0000] {processor.py:183} INFO - Processing /opt/airflow/dags/ml_pipeline_dag.py took 0.050 seconds
[2025-07-27T05:55:03.309+0000] {processor.py:161} INFO - Started process (PID=188) to work on /opt/airflow/dags/ml_pipeline_dag.py
[2025-07-27T05:55:03.310+0000] {processor.py:830} INFO - Processing file /opt/airflow/dags/ml_pipeline_dag.py for tasks to queue
[2025-07-27T05:55:03.310+0000] {logging_mixin.py:188} INFO - [2025-07-27T05:55:03.310+0000] {dagbag.py:545} INFO - Filling up the DagBag from /opt/airflow/dags/ml_pipeline_dag.py
[2025-07-27T05:55:03.326+0000] {logging_mixin.py:188} INFO - [2025-07-27T05:55:03.322+0000] {dagbag.py:355} ERROR - Failed to import: /opt/airflow/dags/ml_pipeline_dag.py
Traceback (most recent call last):
  File "/home/airflow/.local/lib/python3.12/site-packages/airflow/models/dagbag.py", line 351, in parse
    loader.exec_module(new_module)
  File "<frozen importlib._bootstrap_external>", line 995, in exec_module
  File "<frozen importlib._bootstrap>", line 488, in _call_with_frames_removed
  File "/opt/airflow/dags/ml_pipeline_dag.py", line 19, in <module>
    run_pipeline = DockerOperator(
                   ^^^^^^^^^^^^^^^
  File "/home/airflow/.local/lib/python3.12/site-packages/airflow/models/baseoperator.py", line 485, in apply_defaults
    result = func(self, **kwargs, default_args=default_args)
             ^^^^^^^^^^^^^^^^^^^^^^^^^^^^^^^^^^^^^^^^^^^^^^^
  File "/home/airflow/.local/lib/python3.12/site-packages/airflow/providers/docker/operators/docker.py", line 273, in __init__
    super().__init__(**kwargs)
  File "/home/airflow/.local/lib/python3.12/site-packages/airflow/models/baseoperator.py", line 485, in apply_defaults
    result = func(self, **kwargs, default_args=default_args)
             ^^^^^^^^^^^^^^^^^^^^^^^^^^^^^^^^^^^^^^^^^^^^^^^
  File "/home/airflow/.local/lib/python3.12/site-packages/airflow/models/baseoperator.py", line 882, in __init__
    raise AirflowException(
airflow.exceptions.AirflowException: Invalid arguments were passed to DockerOperator (task_id: run_full_pipeline). Invalid arguments were:
**kwargs: {'volumes': ['/opt/data:/app/data', '/opt/models:/app/models']}
[2025-07-27T05:55:03.327+0000] {processor.py:842} WARNING - No viable dags retrieved from /opt/airflow/dags/ml_pipeline_dag.py
[2025-07-27T05:55:03.354+0000] {processor.py:183} INFO - Processing /opt/airflow/dags/ml_pipeline_dag.py took 0.050 seconds
[2025-07-27T05:55:33.472+0000] {processor.py:161} INFO - Started process (PID=193) to work on /opt/airflow/dags/ml_pipeline_dag.py
[2025-07-27T05:55:33.473+0000] {processor.py:830} INFO - Processing file /opt/airflow/dags/ml_pipeline_dag.py for tasks to queue
[2025-07-27T05:55:33.474+0000] {logging_mixin.py:188} INFO - [2025-07-27T05:55:33.474+0000] {dagbag.py:545} INFO - Filling up the DagBag from /opt/airflow/dags/ml_pipeline_dag.py
[2025-07-27T05:55:33.491+0000] {logging_mixin.py:188} INFO - [2025-07-27T05:55:33.487+0000] {dagbag.py:355} ERROR - Failed to import: /opt/airflow/dags/ml_pipeline_dag.py
Traceback (most recent call last):
  File "/home/airflow/.local/lib/python3.12/site-packages/airflow/models/dagbag.py", line 351, in parse
    loader.exec_module(new_module)
  File "<frozen importlib._bootstrap_external>", line 995, in exec_module
  File "<frozen importlib._bootstrap>", line 488, in _call_with_frames_removed
  File "/opt/airflow/dags/ml_pipeline_dag.py", line 19, in <module>
    run_pipeline = DockerOperator(
                   ^^^^^^^^^^^^^^^
  File "/home/airflow/.local/lib/python3.12/site-packages/airflow/models/baseoperator.py", line 485, in apply_defaults
    result = func(self, **kwargs, default_args=default_args)
             ^^^^^^^^^^^^^^^^^^^^^^^^^^^^^^^^^^^^^^^^^^^^^^^
  File "/home/airflow/.local/lib/python3.12/site-packages/airflow/providers/docker/operators/docker.py", line 273, in __init__
    super().__init__(**kwargs)
  File "/home/airflow/.local/lib/python3.12/site-packages/airflow/models/baseoperator.py", line 485, in apply_defaults
    result = func(self, **kwargs, default_args=default_args)
             ^^^^^^^^^^^^^^^^^^^^^^^^^^^^^^^^^^^^^^^^^^^^^^^
  File "/home/airflow/.local/lib/python3.12/site-packages/airflow/models/baseoperator.py", line 882, in __init__
    raise AirflowException(
airflow.exceptions.AirflowException: Invalid arguments were passed to DockerOperator (task_id: run_full_pipeline). Invalid arguments were:
**kwargs: {'volumes': ['/opt/data:/app/data', '/opt/models:/app/models']}
[2025-07-27T05:55:33.492+0000] {processor.py:842} WARNING - No viable dags retrieved from /opt/airflow/dags/ml_pipeline_dag.py
[2025-07-27T05:55:33.513+0000] {processor.py:183} INFO - Processing /opt/airflow/dags/ml_pipeline_dag.py took 0.047 seconds
[2025-07-27T05:56:03.641+0000] {processor.py:161} INFO - Started process (PID=198) to work on /opt/airflow/dags/ml_pipeline_dag.py
[2025-07-27T05:56:03.642+0000] {processor.py:830} INFO - Processing file /opt/airflow/dags/ml_pipeline_dag.py for tasks to queue
[2025-07-27T05:56:03.642+0000] {logging_mixin.py:188} INFO - [2025-07-27T05:56:03.642+0000] {dagbag.py:545} INFO - Filling up the DagBag from /opt/airflow/dags/ml_pipeline_dag.py
[2025-07-27T05:56:03.657+0000] {logging_mixin.py:188} INFO - [2025-07-27T05:56:03.653+0000] {dagbag.py:355} ERROR - Failed to import: /opt/airflow/dags/ml_pipeline_dag.py
Traceback (most recent call last):
  File "/home/airflow/.local/lib/python3.12/site-packages/airflow/models/dagbag.py", line 351, in parse
    loader.exec_module(new_module)
  File "<frozen importlib._bootstrap_external>", line 995, in exec_module
  File "<frozen importlib._bootstrap>", line 488, in _call_with_frames_removed
  File "/opt/airflow/dags/ml_pipeline_dag.py", line 19, in <module>
    run_pipeline = DockerOperator(
                   ^^^^^^^^^^^^^^^
  File "/home/airflow/.local/lib/python3.12/site-packages/airflow/models/baseoperator.py", line 485, in apply_defaults
    result = func(self, **kwargs, default_args=default_args)
             ^^^^^^^^^^^^^^^^^^^^^^^^^^^^^^^^^^^^^^^^^^^^^^^
  File "/home/airflow/.local/lib/python3.12/site-packages/airflow/providers/docker/operators/docker.py", line 273, in __init__
    super().__init__(**kwargs)
  File "/home/airflow/.local/lib/python3.12/site-packages/airflow/models/baseoperator.py", line 485, in apply_defaults
    result = func(self, **kwargs, default_args=default_args)
             ^^^^^^^^^^^^^^^^^^^^^^^^^^^^^^^^^^^^^^^^^^^^^^^
  File "/home/airflow/.local/lib/python3.12/site-packages/airflow/models/baseoperator.py", line 882, in __init__
    raise AirflowException(
airflow.exceptions.AirflowException: Invalid arguments were passed to DockerOperator (task_id: run_full_pipeline). Invalid arguments were:
**kwargs: {'volumes': ['/opt/data:/app/data', '/opt/models:/app/models']}
[2025-07-27T05:56:03.658+0000] {processor.py:842} WARNING - No viable dags retrieved from /opt/airflow/dags/ml_pipeline_dag.py
[2025-07-27T05:56:03.679+0000] {processor.py:183} INFO - Processing /opt/airflow/dags/ml_pipeline_dag.py took 0.043 seconds
[2025-07-27T05:56:33.797+0000] {processor.py:161} INFO - Started process (PID=203) to work on /opt/airflow/dags/ml_pipeline_dag.py
[2025-07-27T05:56:33.798+0000] {processor.py:830} INFO - Processing file /opt/airflow/dags/ml_pipeline_dag.py for tasks to queue
[2025-07-27T05:56:33.799+0000] {logging_mixin.py:188} INFO - [2025-07-27T05:56:33.799+0000] {dagbag.py:545} INFO - Filling up the DagBag from /opt/airflow/dags/ml_pipeline_dag.py
[2025-07-27T05:56:33.815+0000] {logging_mixin.py:188} INFO - [2025-07-27T05:56:33.811+0000] {dagbag.py:355} ERROR - Failed to import: /opt/airflow/dags/ml_pipeline_dag.py
Traceback (most recent call last):
  File "/home/airflow/.local/lib/python3.12/site-packages/airflow/models/dagbag.py", line 351, in parse
    loader.exec_module(new_module)
  File "<frozen importlib._bootstrap_external>", line 995, in exec_module
  File "<frozen importlib._bootstrap>", line 488, in _call_with_frames_removed
  File "/opt/airflow/dags/ml_pipeline_dag.py", line 19, in <module>
    run_pipeline = DockerOperator(
                   ^^^^^^^^^^^^^^^
  File "/home/airflow/.local/lib/python3.12/site-packages/airflow/models/baseoperator.py", line 485, in apply_defaults
    result = func(self, **kwargs, default_args=default_args)
             ^^^^^^^^^^^^^^^^^^^^^^^^^^^^^^^^^^^^^^^^^^^^^^^
  File "/home/airflow/.local/lib/python3.12/site-packages/airflow/providers/docker/operators/docker.py", line 273, in __init__
    super().__init__(**kwargs)
  File "/home/airflow/.local/lib/python3.12/site-packages/airflow/models/baseoperator.py", line 485, in apply_defaults
    result = func(self, **kwargs, default_args=default_args)
             ^^^^^^^^^^^^^^^^^^^^^^^^^^^^^^^^^^^^^^^^^^^^^^^
  File "/home/airflow/.local/lib/python3.12/site-packages/airflow/models/baseoperator.py", line 882, in __init__
    raise AirflowException(
airflow.exceptions.AirflowException: Invalid arguments were passed to DockerOperator (task_id: run_full_pipeline). Invalid arguments were:
**kwargs: {'volumes': ['/opt/data:/app/data', '/opt/models:/app/models']}
[2025-07-27T05:56:33.816+0000] {processor.py:842} WARNING - No viable dags retrieved from /opt/airflow/dags/ml_pipeline_dag.py
[2025-07-27T05:56:33.836+0000] {processor.py:183} INFO - Processing /opt/airflow/dags/ml_pipeline_dag.py took 0.044 seconds
[2025-07-27T05:57:10.167+0000] {processor.py:161} INFO - Started process (PID=178) to work on /opt/airflow/dags/ml_pipeline_dag.py
[2025-07-27T05:57:10.169+0000] {processor.py:830} INFO - Processing file /opt/airflow/dags/ml_pipeline_dag.py for tasks to queue
[2025-07-27T05:57:10.170+0000] {logging_mixin.py:188} INFO - [2025-07-27T05:57:10.170+0000] {dagbag.py:545} INFO - Filling up the DagBag from /opt/airflow/dags/ml_pipeline_dag.py
[2025-07-27T05:57:10.187+0000] {logging_mixin.py:188} INFO - [2025-07-27T05:57:10.183+0000] {dagbag.py:355} ERROR - Failed to import: /opt/airflow/dags/ml_pipeline_dag.py
Traceback (most recent call last):
  File "/home/airflow/.local/lib/python3.12/site-packages/airflow/models/dagbag.py", line 351, in parse
    loader.exec_module(new_module)
  File "<frozen importlib._bootstrap_external>", line 995, in exec_module
  File "<frozen importlib._bootstrap>", line 488, in _call_with_frames_removed
  File "/opt/airflow/dags/ml_pipeline_dag.py", line 19, in <module>
    run_pipeline = DockerOperator(
                   ^^^^^^^^^^^^^^^
  File "/home/airflow/.local/lib/python3.12/site-packages/airflow/models/baseoperator.py", line 485, in apply_defaults
    result = func(self, **kwargs, default_args=default_args)
             ^^^^^^^^^^^^^^^^^^^^^^^^^^^^^^^^^^^^^^^^^^^^^^^
  File "/home/airflow/.local/lib/python3.12/site-packages/airflow/providers/docker/operators/docker.py", line 273, in __init__
    super().__init__(**kwargs)
  File "/home/airflow/.local/lib/python3.12/site-packages/airflow/models/baseoperator.py", line 485, in apply_defaults
    result = func(self, **kwargs, default_args=default_args)
             ^^^^^^^^^^^^^^^^^^^^^^^^^^^^^^^^^^^^^^^^^^^^^^^
  File "/home/airflow/.local/lib/python3.12/site-packages/airflow/models/baseoperator.py", line 882, in __init__
    raise AirflowException(
airflow.exceptions.AirflowException: Invalid arguments were passed to DockerOperator (task_id: run_full_pipeline). Invalid arguments were:
**kwargs: {'volumes': ['/opt/data:/app/data', '/opt/models:/app/models']}
[2025-07-27T05:57:10.188+0000] {processor.py:842} WARNING - No viable dags retrieved from /opt/airflow/dags/ml_pipeline_dag.py
[2025-07-27T05:57:10.208+0000] {processor.py:183} INFO - Processing /opt/airflow/dags/ml_pipeline_dag.py took 0.047 seconds
[2025-07-27T05:57:40.363+0000] {processor.py:161} INFO - Started process (PID=183) to work on /opt/airflow/dags/ml_pipeline_dag.py
[2025-07-27T05:57:40.364+0000] {processor.py:830} INFO - Processing file /opt/airflow/dags/ml_pipeline_dag.py for tasks to queue
[2025-07-27T05:57:40.366+0000] {logging_mixin.py:188} INFO - [2025-07-27T05:57:40.366+0000] {dagbag.py:545} INFO - Filling up the DagBag from /opt/airflow/dags/ml_pipeline_dag.py
[2025-07-27T05:57:40.383+0000] {logging_mixin.py:188} INFO - [2025-07-27T05:57:40.379+0000] {dagbag.py:355} ERROR - Failed to import: /opt/airflow/dags/ml_pipeline_dag.py
Traceback (most recent call last):
  File "/home/airflow/.local/lib/python3.12/site-packages/airflow/models/dagbag.py", line 351, in parse
    loader.exec_module(new_module)
  File "<frozen importlib._bootstrap_external>", line 995, in exec_module
  File "<frozen importlib._bootstrap>", line 488, in _call_with_frames_removed
  File "/opt/airflow/dags/ml_pipeline_dag.py", line 19, in <module>
    run_pipeline = DockerOperator(
                   ^^^^^^^^^^^^^^^
  File "/home/airflow/.local/lib/python3.12/site-packages/airflow/models/baseoperator.py", line 485, in apply_defaults
    result = func(self, **kwargs, default_args=default_args)
             ^^^^^^^^^^^^^^^^^^^^^^^^^^^^^^^^^^^^^^^^^^^^^^^
  File "/home/airflow/.local/lib/python3.12/site-packages/airflow/providers/docker/operators/docker.py", line 273, in __init__
    super().__init__(**kwargs)
  File "/home/airflow/.local/lib/python3.12/site-packages/airflow/models/baseoperator.py", line 485, in apply_defaults
    result = func(self, **kwargs, default_args=default_args)
             ^^^^^^^^^^^^^^^^^^^^^^^^^^^^^^^^^^^^^^^^^^^^^^^
  File "/home/airflow/.local/lib/python3.12/site-packages/airflow/models/baseoperator.py", line 882, in __init__
    raise AirflowException(
airflow.exceptions.AirflowException: Invalid arguments were passed to DockerOperator (task_id: run_full_pipeline). Invalid arguments were:
**kwargs: {'volumes': ['/opt/data:/app/data', '/opt/models:/app/models']}
[2025-07-27T05:57:40.384+0000] {processor.py:842} WARNING - No viable dags retrieved from /opt/airflow/dags/ml_pipeline_dag.py
[2025-07-27T05:57:40.414+0000] {processor.py:183} INFO - Processing /opt/airflow/dags/ml_pipeline_dag.py took 0.058 seconds
[2025-07-27T05:58:10.520+0000] {processor.py:161} INFO - Started process (PID=188) to work on /opt/airflow/dags/ml_pipeline_dag.py
[2025-07-27T05:58:10.521+0000] {processor.py:830} INFO - Processing file /opt/airflow/dags/ml_pipeline_dag.py for tasks to queue
[2025-07-27T05:58:10.523+0000] {logging_mixin.py:188} INFO - [2025-07-27T05:58:10.522+0000] {dagbag.py:545} INFO - Filling up the DagBag from /opt/airflow/dags/ml_pipeline_dag.py
[2025-07-27T05:58:10.538+0000] {logging_mixin.py:188} INFO - [2025-07-27T05:58:10.534+0000] {dagbag.py:355} ERROR - Failed to import: /opt/airflow/dags/ml_pipeline_dag.py
Traceback (most recent call last):
  File "/home/airflow/.local/lib/python3.12/site-packages/airflow/models/dagbag.py", line 351, in parse
    loader.exec_module(new_module)
  File "<frozen importlib._bootstrap_external>", line 995, in exec_module
  File "<frozen importlib._bootstrap>", line 488, in _call_with_frames_removed
  File "/opt/airflow/dags/ml_pipeline_dag.py", line 19, in <module>
    run_pipeline = DockerOperator(
                   ^^^^^^^^^^^^^^^
  File "/home/airflow/.local/lib/python3.12/site-packages/airflow/models/baseoperator.py", line 485, in apply_defaults
    result = func(self, **kwargs, default_args=default_args)
             ^^^^^^^^^^^^^^^^^^^^^^^^^^^^^^^^^^^^^^^^^^^^^^^
  File "/home/airflow/.local/lib/python3.12/site-packages/airflow/providers/docker/operators/docker.py", line 273, in __init__
    super().__init__(**kwargs)
  File "/home/airflow/.local/lib/python3.12/site-packages/airflow/models/baseoperator.py", line 485, in apply_defaults
    result = func(self, **kwargs, default_args=default_args)
             ^^^^^^^^^^^^^^^^^^^^^^^^^^^^^^^^^^^^^^^^^^^^^^^
  File "/home/airflow/.local/lib/python3.12/site-packages/airflow/models/baseoperator.py", line 882, in __init__
    raise AirflowException(
airflow.exceptions.AirflowException: Invalid arguments were passed to DockerOperator (task_id: run_full_pipeline). Invalid arguments were:
**kwargs: {'volumes': ['/opt/data:/app/data', '/opt/models:/app/models']}
[2025-07-27T05:58:10.539+0000] {processor.py:842} WARNING - No viable dags retrieved from /opt/airflow/dags/ml_pipeline_dag.py
[2025-07-27T05:58:10.563+0000] {processor.py:183} INFO - Processing /opt/airflow/dags/ml_pipeline_dag.py took 0.049 seconds
[2025-07-27T05:58:40.711+0000] {processor.py:161} INFO - Started process (PID=193) to work on /opt/airflow/dags/ml_pipeline_dag.py
[2025-07-27T05:58:40.712+0000] {processor.py:830} INFO - Processing file /opt/airflow/dags/ml_pipeline_dag.py for tasks to queue
[2025-07-27T05:58:40.714+0000] {logging_mixin.py:188} INFO - [2025-07-27T05:58:40.714+0000] {dagbag.py:545} INFO - Filling up the DagBag from /opt/airflow/dags/ml_pipeline_dag.py
[2025-07-27T05:58:40.732+0000] {logging_mixin.py:188} INFO - [2025-07-27T05:58:40.728+0000] {dagbag.py:355} ERROR - Failed to import: /opt/airflow/dags/ml_pipeline_dag.py
Traceback (most recent call last):
  File "/home/airflow/.local/lib/python3.12/site-packages/airflow/models/dagbag.py", line 351, in parse
    loader.exec_module(new_module)
  File "<frozen importlib._bootstrap_external>", line 995, in exec_module
  File "<frozen importlib._bootstrap>", line 488, in _call_with_frames_removed
  File "/opt/airflow/dags/ml_pipeline_dag.py", line 19, in <module>
    run_pipeline = DockerOperator(
                   ^^^^^^^^^^^^^^^
  File "/home/airflow/.local/lib/python3.12/site-packages/airflow/models/baseoperator.py", line 485, in apply_defaults
    result = func(self, **kwargs, default_args=default_args)
             ^^^^^^^^^^^^^^^^^^^^^^^^^^^^^^^^^^^^^^^^^^^^^^^
  File "/home/airflow/.local/lib/python3.12/site-packages/airflow/providers/docker/operators/docker.py", line 273, in __init__
    super().__init__(**kwargs)
  File "/home/airflow/.local/lib/python3.12/site-packages/airflow/models/baseoperator.py", line 485, in apply_defaults
    result = func(self, **kwargs, default_args=default_args)
             ^^^^^^^^^^^^^^^^^^^^^^^^^^^^^^^^^^^^^^^^^^^^^^^
  File "/home/airflow/.local/lib/python3.12/site-packages/airflow/models/baseoperator.py", line 882, in __init__
    raise AirflowException(
airflow.exceptions.AirflowException: Invalid arguments were passed to DockerOperator (task_id: run_full_pipeline). Invalid arguments were:
**kwargs: {'volumes': ['/opt/data:/app/data', '/opt/models:/app/models']}
[2025-07-27T05:58:40.733+0000] {processor.py:842} WARNING - No viable dags retrieved from /opt/airflow/dags/ml_pipeline_dag.py
[2025-07-27T05:58:40.754+0000] {processor.py:183} INFO - Processing /opt/airflow/dags/ml_pipeline_dag.py took 0.049 seconds
[2025-07-27T05:59:10.871+0000] {processor.py:161} INFO - Started process (PID=198) to work on /opt/airflow/dags/ml_pipeline_dag.py
[2025-07-27T05:59:10.872+0000] {processor.py:830} INFO - Processing file /opt/airflow/dags/ml_pipeline_dag.py for tasks to queue
[2025-07-27T05:59:10.874+0000] {logging_mixin.py:188} INFO - [2025-07-27T05:59:10.874+0000] {dagbag.py:545} INFO - Filling up the DagBag from /opt/airflow/dags/ml_pipeline_dag.py
[2025-07-27T05:59:10.891+0000] {logging_mixin.py:188} INFO - [2025-07-27T05:59:10.887+0000] {dagbag.py:355} ERROR - Failed to import: /opt/airflow/dags/ml_pipeline_dag.py
Traceback (most recent call last):
  File "/home/airflow/.local/lib/python3.12/site-packages/airflow/models/dagbag.py", line 351, in parse
    loader.exec_module(new_module)
  File "<frozen importlib._bootstrap_external>", line 995, in exec_module
  File "<frozen importlib._bootstrap>", line 488, in _call_with_frames_removed
  File "/opt/airflow/dags/ml_pipeline_dag.py", line 19, in <module>
    run_pipeline = DockerOperator(
                   ^^^^^^^^^^^^^^^
  File "/home/airflow/.local/lib/python3.12/site-packages/airflow/models/baseoperator.py", line 485, in apply_defaults
    result = func(self, **kwargs, default_args=default_args)
             ^^^^^^^^^^^^^^^^^^^^^^^^^^^^^^^^^^^^^^^^^^^^^^^
  File "/home/airflow/.local/lib/python3.12/site-packages/airflow/providers/docker/operators/docker.py", line 273, in __init__
    super().__init__(**kwargs)
  File "/home/airflow/.local/lib/python3.12/site-packages/airflow/models/baseoperator.py", line 485, in apply_defaults
    result = func(self, **kwargs, default_args=default_args)
             ^^^^^^^^^^^^^^^^^^^^^^^^^^^^^^^^^^^^^^^^^^^^^^^
  File "/home/airflow/.local/lib/python3.12/site-packages/airflow/models/baseoperator.py", line 882, in __init__
    raise AirflowException(
airflow.exceptions.AirflowException: Invalid arguments were passed to DockerOperator (task_id: run_full_pipeline). Invalid arguments were:
**kwargs: {'volumes': ['/opt/data:/app/data', '/opt/models:/app/models']}
[2025-07-27T05:59:10.892+0000] {processor.py:842} WARNING - No viable dags retrieved from /opt/airflow/dags/ml_pipeline_dag.py
[2025-07-27T05:59:10.920+0000] {processor.py:183} INFO - Processing /opt/airflow/dags/ml_pipeline_dag.py took 0.055 seconds
[2025-07-27T05:59:44.841+0000] {processor.py:161} INFO - Started process (PID=178) to work on /opt/airflow/dags/ml_pipeline_dag.py
[2025-07-27T05:59:44.842+0000] {processor.py:830} INFO - Processing file /opt/airflow/dags/ml_pipeline_dag.py for tasks to queue
[2025-07-27T05:59:44.847+0000] {logging_mixin.py:188} INFO - [2025-07-27T05:59:44.847+0000] {dagbag.py:545} INFO - Filling up the DagBag from /opt/airflow/dags/ml_pipeline_dag.py
[2025-07-27T05:59:44.866+0000] {logging_mixin.py:188} INFO - [2025-07-27T05:59:44.862+0000] {dagbag.py:355} ERROR - Failed to import: /opt/airflow/dags/ml_pipeline_dag.py
Traceback (most recent call last):
  File "/home/airflow/.local/lib/python3.12/site-packages/airflow/models/dagbag.py", line 351, in parse
    loader.exec_module(new_module)
  File "<frozen importlib._bootstrap_external>", line 995, in exec_module
  File "<frozen importlib._bootstrap>", line 488, in _call_with_frames_removed
  File "/opt/airflow/dags/ml_pipeline_dag.py", line 19, in <module>
    run_pipeline = DockerOperator(
                   ^^^^^^^^^^^^^^^
  File "/home/airflow/.local/lib/python3.12/site-packages/airflow/models/baseoperator.py", line 485, in apply_defaults
    result = func(self, **kwargs, default_args=default_args)
             ^^^^^^^^^^^^^^^^^^^^^^^^^^^^^^^^^^^^^^^^^^^^^^^
  File "/home/airflow/.local/lib/python3.12/site-packages/airflow/providers/docker/operators/docker.py", line 273, in __init__
    super().__init__(**kwargs)
  File "/home/airflow/.local/lib/python3.12/site-packages/airflow/models/baseoperator.py", line 485, in apply_defaults
    result = func(self, **kwargs, default_args=default_args)
             ^^^^^^^^^^^^^^^^^^^^^^^^^^^^^^^^^^^^^^^^^^^^^^^
  File "/home/airflow/.local/lib/python3.12/site-packages/airflow/models/baseoperator.py", line 882, in __init__
    raise AirflowException(
airflow.exceptions.AirflowException: Invalid arguments were passed to DockerOperator (task_id: run_full_pipeline). Invalid arguments were:
**kwargs: {'volumes': ['/opt/data:/app/data', '/opt/models:/app/models']}
[2025-07-27T05:59:44.868+0000] {processor.py:842} WARNING - No viable dags retrieved from /opt/airflow/dags/ml_pipeline_dag.py
[2025-07-27T05:59:44.897+0000] {processor.py:183} INFO - Processing /opt/airflow/dags/ml_pipeline_dag.py took 0.061 seconds
[2025-07-27T06:00:15.044+0000] {processor.py:161} INFO - Started process (PID=183) to work on /opt/airflow/dags/ml_pipeline_dag.py
[2025-07-27T06:00:15.045+0000] {processor.py:830} INFO - Processing file /opt/airflow/dags/ml_pipeline_dag.py for tasks to queue
[2025-07-27T06:00:15.047+0000] {logging_mixin.py:188} INFO - [2025-07-27T06:00:15.047+0000] {dagbag.py:545} INFO - Filling up the DagBag from /opt/airflow/dags/ml_pipeline_dag.py
[2025-07-27T06:00:15.066+0000] {logging_mixin.py:188} INFO - [2025-07-27T06:00:15.061+0000] {dagbag.py:355} ERROR - Failed to import: /opt/airflow/dags/ml_pipeline_dag.py
Traceback (most recent call last):
  File "/home/airflow/.local/lib/python3.12/site-packages/airflow/models/dagbag.py", line 351, in parse
    loader.exec_module(new_module)
  File "<frozen importlib._bootstrap_external>", line 995, in exec_module
  File "<frozen importlib._bootstrap>", line 488, in _call_with_frames_removed
  File "/opt/airflow/dags/ml_pipeline_dag.py", line 19, in <module>
    run_pipeline = DockerOperator(
                   ^^^^^^^^^^^^^^^
  File "/home/airflow/.local/lib/python3.12/site-packages/airflow/models/baseoperator.py", line 485, in apply_defaults
    result = func(self, **kwargs, default_args=default_args)
             ^^^^^^^^^^^^^^^^^^^^^^^^^^^^^^^^^^^^^^^^^^^^^^^
  File "/home/airflow/.local/lib/python3.12/site-packages/airflow/providers/docker/operators/docker.py", line 273, in __init__
    super().__init__(**kwargs)
  File "/home/airflow/.local/lib/python3.12/site-packages/airflow/models/baseoperator.py", line 485, in apply_defaults
    result = func(self, **kwargs, default_args=default_args)
             ^^^^^^^^^^^^^^^^^^^^^^^^^^^^^^^^^^^^^^^^^^^^^^^
  File "/home/airflow/.local/lib/python3.12/site-packages/airflow/models/baseoperator.py", line 882, in __init__
    raise AirflowException(
airflow.exceptions.AirflowException: Invalid arguments were passed to DockerOperator (task_id: run_full_pipeline). Invalid arguments were:
**kwargs: {'volumes': ['/opt/data:/app/data', '/opt/models:/app/models']}
[2025-07-27T06:00:15.067+0000] {processor.py:842} WARNING - No viable dags retrieved from /opt/airflow/dags/ml_pipeline_dag.py
[2025-07-27T06:00:15.098+0000] {processor.py:183} INFO - Processing /opt/airflow/dags/ml_pipeline_dag.py took 0.061 seconds
[2025-07-27T06:00:27.121+0000] {processor.py:161} INFO - Started process (PID=188) to work on /opt/airflow/dags/ml_pipeline_dag.py
[2025-07-27T06:00:27.122+0000] {processor.py:830} INFO - Processing file /opt/airflow/dags/ml_pipeline_dag.py for tasks to queue
[2025-07-27T06:00:27.124+0000] {logging_mixin.py:188} INFO - [2025-07-27T06:00:27.123+0000] {dagbag.py:545} INFO - Filling up the DagBag from /opt/airflow/dags/ml_pipeline_dag.py
[2025-07-27T06:00:27.174+0000] {processor.py:840} INFO - DAG(s) 'hw2_ml_pipeline' retrieved from /opt/airflow/dags/ml_pipeline_dag.py
[2025-07-27T06:00:27.396+0000] {logging_mixin.py:188} INFO - [2025-07-27T06:00:27.395+0000] {dag.py:3089} INFO - Sync 1 DAGs
[2025-07-27T06:00:27.406+0000] {logging_mixin.py:188} INFO - [2025-07-27T06:00:27.405+0000] {dag.py:3947} INFO - Setting next_dagrun for hw2_ml_pipeline to None, run_after=None
[2025-07-27T06:00:27.434+0000] {processor.py:183} INFO - Processing /opt/airflow/dags/ml_pipeline_dag.py took 0.321 seconds
[2025-07-27T06:00:58.229+0000] {processor.py:161} INFO - Started process (PID=178) to work on /opt/airflow/dags/ml_pipeline_dag.py
[2025-07-27T06:00:58.230+0000] {processor.py:830} INFO - Processing file /opt/airflow/dags/ml_pipeline_dag.py for tasks to queue
[2025-07-27T06:00:58.232+0000] {logging_mixin.py:188} INFO - [2025-07-27T06:00:58.231+0000] {dagbag.py:545} INFO - Filling up the DagBag from /opt/airflow/dags/ml_pipeline_dag.py
[2025-07-27T06:00:58.260+0000] {processor.py:840} INFO - DAG(s) 'hw2_ml_pipeline' retrieved from /opt/airflow/dags/ml_pipeline_dag.py
[2025-07-27T06:00:58.316+0000] {logging_mixin.py:188} INFO - [2025-07-27T06:00:58.316+0000] {dag.py:3089} INFO - Sync 1 DAGs
[2025-07-27T06:00:58.328+0000] {logging_mixin.py:188} INFO - [2025-07-27T06:00:58.328+0000] {dag.py:3947} INFO - Setting next_dagrun for hw2_ml_pipeline to None, run_after=None
[2025-07-27T06:00:58.353+0000] {processor.py:183} INFO - Processing /opt/airflow/dags/ml_pipeline_dag.py took 0.130 seconds
[2025-07-27T06:01:28.419+0000] {processor.py:161} INFO - Started process (PID=183) to work on /opt/airflow/dags/ml_pipeline_dag.py
[2025-07-27T06:01:28.420+0000] {processor.py:830} INFO - Processing file /opt/airflow/dags/ml_pipeline_dag.py for tasks to queue
[2025-07-27T06:01:28.422+0000] {logging_mixin.py:188} INFO - [2025-07-27T06:01:28.422+0000] {dagbag.py:545} INFO - Filling up the DagBag from /opt/airflow/dags/ml_pipeline_dag.py
[2025-07-27T06:01:28.440+0000] {processor.py:840} INFO - DAG(s) 'hw2_ml_pipeline' retrieved from /opt/airflow/dags/ml_pipeline_dag.py
[2025-07-27T06:01:28.471+0000] {logging_mixin.py:188} INFO - [2025-07-27T06:01:28.471+0000] {dag.py:3089} INFO - Sync 1 DAGs
[2025-07-27T06:01:28.484+0000] {logging_mixin.py:188} INFO - [2025-07-27T06:01:28.484+0000] {dag.py:3947} INFO - Setting next_dagrun for hw2_ml_pipeline to None, run_after=None
[2025-07-27T06:01:28.501+0000] {processor.py:183} INFO - Processing /opt/airflow/dags/ml_pipeline_dag.py took 0.088 seconds
[2025-07-27T06:01:58.653+0000] {processor.py:161} INFO - Started process (PID=190) to work on /opt/airflow/dags/ml_pipeline_dag.py
[2025-07-27T06:01:58.654+0000] {processor.py:830} INFO - Processing file /opt/airflow/dags/ml_pipeline_dag.py for tasks to queue
[2025-07-27T06:01:58.656+0000] {logging_mixin.py:188} INFO - [2025-07-27T06:01:58.655+0000] {dagbag.py:545} INFO - Filling up the DagBag from /opt/airflow/dags/ml_pipeline_dag.py
[2025-07-27T06:01:58.671+0000] {processor.py:840} INFO - DAG(s) 'hw2_ml_pipeline' retrieved from /opt/airflow/dags/ml_pipeline_dag.py
[2025-07-27T06:01:58.696+0000] {logging_mixin.py:188} INFO - [2025-07-27T06:01:58.696+0000] {dag.py:3089} INFO - Sync 1 DAGs
[2025-07-27T06:01:58.707+0000] {logging_mixin.py:188} INFO - [2025-07-27T06:01:58.707+0000] {dag.py:3947} INFO - Setting next_dagrun for hw2_ml_pipeline to None, run_after=None
[2025-07-27T06:01:58.722+0000] {processor.py:183} INFO - Processing /opt/airflow/dags/ml_pipeline_dag.py took 0.074 seconds
[2025-07-27T06:02:28.811+0000] {processor.py:161} INFO - Started process (PID=195) to work on /opt/airflow/dags/ml_pipeline_dag.py
[2025-07-27T06:02:28.812+0000] {processor.py:830} INFO - Processing file /opt/airflow/dags/ml_pipeline_dag.py for tasks to queue
[2025-07-27T06:02:28.814+0000] {logging_mixin.py:188} INFO - [2025-07-27T06:02:28.813+0000] {dagbag.py:545} INFO - Filling up the DagBag from /opt/airflow/dags/ml_pipeline_dag.py
[2025-07-27T06:02:28.839+0000] {processor.py:840} INFO - DAG(s) 'hw2_ml_pipeline' retrieved from /opt/airflow/dags/ml_pipeline_dag.py
[2025-07-27T06:02:28.876+0000] {logging_mixin.py:188} INFO - [2025-07-27T06:02:28.876+0000] {dag.py:3089} INFO - Sync 1 DAGs
[2025-07-27T06:02:28.891+0000] {logging_mixin.py:188} INFO - [2025-07-27T06:02:28.891+0000] {dag.py:3947} INFO - Setting next_dagrun for hw2_ml_pipeline to None, run_after=None
[2025-07-27T06:02:28.908+0000] {processor.py:183} INFO - Processing /opt/airflow/dags/ml_pipeline_dag.py took 0.106 seconds
[2025-07-27T06:02:59.015+0000] {processor.py:161} INFO - Started process (PID=200) to work on /opt/airflow/dags/ml_pipeline_dag.py
[2025-07-27T06:02:59.016+0000] {processor.py:830} INFO - Processing file /opt/airflow/dags/ml_pipeline_dag.py for tasks to queue
[2025-07-27T06:02:59.018+0000] {logging_mixin.py:188} INFO - [2025-07-27T06:02:59.018+0000] {dagbag.py:545} INFO - Filling up the DagBag from /opt/airflow/dags/ml_pipeline_dag.py
[2025-07-27T06:02:59.038+0000] {processor.py:840} INFO - DAG(s) 'hw2_ml_pipeline' retrieved from /opt/airflow/dags/ml_pipeline_dag.py
[2025-07-27T06:02:59.071+0000] {logging_mixin.py:188} INFO - [2025-07-27T06:02:59.071+0000] {dag.py:3089} INFO - Sync 1 DAGs
[2025-07-27T06:02:59.089+0000] {logging_mixin.py:188} INFO - [2025-07-27T06:02:59.089+0000] {dag.py:3947} INFO - Setting next_dagrun for hw2_ml_pipeline to None, run_after=None
[2025-07-27T06:02:59.116+0000] {processor.py:183} INFO - Processing /opt/airflow/dags/ml_pipeline_dag.py took 0.109 seconds
[2025-07-27T06:03:23.184+0000] {processor.py:161} INFO - Started process (PID=205) to work on /opt/airflow/dags/ml_pipeline_dag.py
[2025-07-27T06:03:23.186+0000] {processor.py:830} INFO - Processing file /opt/airflow/dags/ml_pipeline_dag.py for tasks to queue
[2025-07-27T06:03:23.188+0000] {logging_mixin.py:188} INFO - [2025-07-27T06:03:23.188+0000] {dagbag.py:545} INFO - Filling up the DagBag from /opt/airflow/dags/ml_pipeline_dag.py
[2025-07-27T06:03:23.224+0000] {processor.py:840} INFO - DAG(s) 'hw2_ml_pipeline' retrieved from /opt/airflow/dags/ml_pipeline_dag.py
[2025-07-27T06:03:23.265+0000] {logging_mixin.py:188} INFO - [2025-07-27T06:03:23.265+0000] {dag.py:3089} INFO - Sync 1 DAGs
[2025-07-27T06:03:23.285+0000] {logging_mixin.py:188} INFO - [2025-07-27T06:03:23.285+0000] {dag.py:3947} INFO - Setting next_dagrun for hw2_ml_pipeline to None, run_after=None
[2025-07-27T06:03:23.314+0000] {processor.py:183} INFO - Processing /opt/airflow/dags/ml_pipeline_dag.py took 0.138 seconds
[2025-07-27T06:03:39.434+0000] {processor.py:161} INFO - Started process (PID=215) to work on /opt/airflow/dags/ml_pipeline_dag.py
[2025-07-27T06:03:39.435+0000] {processor.py:830} INFO - Processing file /opt/airflow/dags/ml_pipeline_dag.py for tasks to queue
[2025-07-27T06:03:39.437+0000] {logging_mixin.py:188} INFO - [2025-07-27T06:03:39.437+0000] {dagbag.py:545} INFO - Filling up the DagBag from /opt/airflow/dags/ml_pipeline_dag.py
[2025-07-27T06:03:39.463+0000] {processor.py:840} INFO - DAG(s) 'hw2_ml_pipeline' retrieved from /opt/airflow/dags/ml_pipeline_dag.py
[2025-07-27T06:03:39.491+0000] {logging_mixin.py:188} INFO - [2025-07-27T06:03:39.491+0000] {dag.py:3089} INFO - Sync 1 DAGs
[2025-07-27T06:03:39.503+0000] {logging_mixin.py:188} INFO - [2025-07-27T06:03:39.503+0000] {dag.py:3947} INFO - Setting next_dagrun for hw2_ml_pipeline to None, run_after=None
[2025-07-27T06:03:39.525+0000] {processor.py:183} INFO - Processing /opt/airflow/dags/ml_pipeline_dag.py took 0.097 seconds
[2025-07-27T06:04:09.640+0000] {processor.py:161} INFO - Started process (PID=220) to work on /opt/airflow/dags/ml_pipeline_dag.py
[2025-07-27T06:04:09.641+0000] {processor.py:830} INFO - Processing file /opt/airflow/dags/ml_pipeline_dag.py for tasks to queue
[2025-07-27T06:04:09.643+0000] {logging_mixin.py:188} INFO - [2025-07-27T06:04:09.643+0000] {dagbag.py:545} INFO - Filling up the DagBag from /opt/airflow/dags/ml_pipeline_dag.py
[2025-07-27T06:04:09.660+0000] {processor.py:840} INFO - DAG(s) 'hw2_ml_pipeline' retrieved from /opt/airflow/dags/ml_pipeline_dag.py
[2025-07-27T06:04:09.689+0000] {logging_mixin.py:188} INFO - [2025-07-27T06:04:09.689+0000] {dag.py:3089} INFO - Sync 1 DAGs
[2025-07-27T06:04:09.703+0000] {logging_mixin.py:188} INFO - [2025-07-27T06:04:09.703+0000] {dag.py:3947} INFO - Setting next_dagrun for hw2_ml_pipeline to None, run_after=None
[2025-07-27T06:04:09.727+0000] {processor.py:183} INFO - Processing /opt/airflow/dags/ml_pipeline_dag.py took 0.092 seconds
[2025-07-27T06:04:39.821+0000] {processor.py:161} INFO - Started process (PID=225) to work on /opt/airflow/dags/ml_pipeline_dag.py
[2025-07-27T06:04:39.821+0000] {processor.py:830} INFO - Processing file /opt/airflow/dags/ml_pipeline_dag.py for tasks to queue
[2025-07-27T06:04:39.823+0000] {logging_mixin.py:188} INFO - [2025-07-27T06:04:39.823+0000] {dagbag.py:545} INFO - Filling up the DagBag from /opt/airflow/dags/ml_pipeline_dag.py
[2025-07-27T06:04:39.839+0000] {processor.py:840} INFO - DAG(s) 'hw2_ml_pipeline' retrieved from /opt/airflow/dags/ml_pipeline_dag.py
[2025-07-27T06:04:39.868+0000] {logging_mixin.py:188} INFO - [2025-07-27T06:04:39.868+0000] {dag.py:3089} INFO - Sync 1 DAGs
[2025-07-27T06:04:39.881+0000] {logging_mixin.py:188} INFO - [2025-07-27T06:04:39.881+0000] {dag.py:3947} INFO - Setting next_dagrun for hw2_ml_pipeline to None, run_after=None
[2025-07-27T06:04:39.898+0000] {processor.py:183} INFO - Processing /opt/airflow/dags/ml_pipeline_dag.py took 0.082 seconds
[2025-07-27T06:05:10.021+0000] {processor.py:161} INFO - Started process (PID=230) to work on /opt/airflow/dags/ml_pipeline_dag.py
[2025-07-27T06:05:10.022+0000] {processor.py:830} INFO - Processing file /opt/airflow/dags/ml_pipeline_dag.py for tasks to queue
[2025-07-27T06:05:10.024+0000] {logging_mixin.py:188} INFO - [2025-07-27T06:05:10.024+0000] {dagbag.py:545} INFO - Filling up the DagBag from /opt/airflow/dags/ml_pipeline_dag.py
[2025-07-27T06:05:10.040+0000] {processor.py:840} INFO - DAG(s) 'hw2_ml_pipeline' retrieved from /opt/airflow/dags/ml_pipeline_dag.py
[2025-07-27T06:05:10.067+0000] {logging_mixin.py:188} INFO - [2025-07-27T06:05:10.066+0000] {dag.py:3089} INFO - Sync 1 DAGs
[2025-07-27T06:05:10.077+0000] {logging_mixin.py:188} INFO - [2025-07-27T06:05:10.077+0000] {dag.py:3947} INFO - Setting next_dagrun for hw2_ml_pipeline to None, run_after=None
[2025-07-27T06:05:10.095+0000] {processor.py:183} INFO - Processing /opt/airflow/dags/ml_pipeline_dag.py took 0.080 seconds
[2025-07-27T06:05:16.174+0000] {processor.py:161} INFO - Started process (PID=240) to work on /opt/airflow/dags/ml_pipeline_dag.py
[2025-07-27T06:05:16.176+0000] {processor.py:830} INFO - Processing file /opt/airflow/dags/ml_pipeline_dag.py for tasks to queue
[2025-07-27T06:05:16.177+0000] {logging_mixin.py:188} INFO - [2025-07-27T06:05:16.177+0000] {dagbag.py:545} INFO - Filling up the DagBag from /opt/airflow/dags/ml_pipeline_dag.py
[2025-07-27T06:05:16.196+0000] {processor.py:840} INFO - DAG(s) 'hw2_ml_pipeline' retrieved from /opt/airflow/dags/ml_pipeline_dag.py
[2025-07-27T06:05:16.226+0000] {logging_mixin.py:188} INFO - [2025-07-27T06:05:16.226+0000] {dag.py:3089} INFO - Sync 1 DAGs
[2025-07-27T06:05:16.239+0000] {logging_mixin.py:188} INFO - [2025-07-27T06:05:16.238+0000] {dag.py:3947} INFO - Setting next_dagrun for hw2_ml_pipeline to None, run_after=None
[2025-07-27T06:05:16.270+0000] {processor.py:183} INFO - Processing /opt/airflow/dags/ml_pipeline_dag.py took 0.102 seconds
[2025-07-27T06:05:46.401+0000] {processor.py:161} INFO - Started process (PID=245) to work on /opt/airflow/dags/ml_pipeline_dag.py
[2025-07-27T06:05:46.403+0000] {processor.py:830} INFO - Processing file /opt/airflow/dags/ml_pipeline_dag.py for tasks to queue
[2025-07-27T06:05:46.405+0000] {logging_mixin.py:188} INFO - [2025-07-27T06:05:46.405+0000] {dagbag.py:545} INFO - Filling up the DagBag from /opt/airflow/dags/ml_pipeline_dag.py
[2025-07-27T06:05:46.424+0000] {processor.py:840} INFO - DAG(s) 'hw2_ml_pipeline' retrieved from /opt/airflow/dags/ml_pipeline_dag.py
[2025-07-27T06:05:46.460+0000] {logging_mixin.py:188} INFO - [2025-07-27T06:05:46.460+0000] {dag.py:3089} INFO - Sync 1 DAGs
[2025-07-27T06:05:46.475+0000] {logging_mixin.py:188} INFO - [2025-07-27T06:05:46.475+0000] {dag.py:3947} INFO - Setting next_dagrun for hw2_ml_pipeline to None, run_after=None
[2025-07-27T06:05:46.500+0000] {processor.py:183} INFO - Processing /opt/airflow/dags/ml_pipeline_dag.py took 0.106 seconds
