[2025-07-26T09:28:14.632+0000] {manager.py:470} INFO - Processing files using up to 2 processes at a time 
[2025-07-26T09:28:14.634+0000] {manager.py:471} INFO - Process each file at most once every 30 seconds
[2025-07-26T09:28:14.636+0000] {manager.py:472} INFO - Checking for new files in /opt/airflow/dags every 300 seconds
[2025-07-26T09:28:14.638+0000] {manager.py:737} INFO - Searching for files in /opt/airflow/dags
[2025-07-26T09:28:14.656+0000] {manager.py:740} INFO - There are 1 files in /opt/airflow/dags
[2025-07-26T09:28:14.848+0000] {manager.py:878} INFO - 
================================================================================
DAG File Processing Stats

File Path                               PID  Runtime      # DAGs    # Errors  Last Runtime    Last Run
------------------------------------  -----  ---------  --------  ----------  --------------  ----------
/opt/airflow/dags/ml_pipeline_dag.py    165  0.09s             0           0
================================================================================
[2025-07-26T09:28:45.091+0000] {manager.py:878} INFO - 
================================================================================
DAG File Processing Stats

File Path                             PID    Runtime      # DAGs    # Errors  Last Runtime    Last Run
------------------------------------  -----  ---------  --------  ----------  --------------  -------------------
/opt/airflow/dags/ml_pipeline_dag.py                           0           1  3.15s           2025-07-26T09:28:17
================================================================================
[2025-07-26T09:29:15.379+0000] {manager.py:878} INFO - 
================================================================================
DAG File Processing Stats

File Path                             PID    Runtime      # DAGs    # Errors  Last Runtime    Last Run
------------------------------------  -----  ---------  --------  ----------  --------------  -------------------
/opt/airflow/dags/ml_pipeline_dag.py                           0           1  0.97s           2025-07-26T09:28:49
================================================================================
[2025-07-26T09:29:45.810+0000] {manager.py:878} INFO - 
================================================================================
DAG File Processing Stats

File Path                             PID    Runtime      # DAGs    # Errors  Last Runtime    Last Run
------------------------------------  -----  ---------  --------  ----------  --------------  -------------------
/opt/airflow/dags/ml_pipeline_dag.py                           0           1  1.01s           2025-07-26T09:29:20
================================================================================
[2025-07-26T09:30:16.247+0000] {manager.py:878} INFO - 
================================================================================
DAG File Processing Stats

File Path                             PID    Runtime      # DAGs    # Errors  Last Runtime    Last Run
------------------------------------  -----  ---------  --------  ----------  --------------  -------------------
/opt/airflow/dags/ml_pipeline_dag.py                           0           1  1.08s           2025-07-26T09:29:51
================================================================================
[2025-07-26T09:30:46.300+0000] {manager.py:878} INFO - 
================================================================================
DAG File Processing Stats

File Path                             PID    Runtime      # DAGs    # Errors  Last Runtime    Last Run
------------------------------------  -----  ---------  --------  ----------  --------------  -------------------
/opt/airflow/dags/ml_pipeline_dag.py                           0           1  0.64s           2025-07-26T09:30:22
================================================================================
[2025-07-26T09:31:16.636+0000] {manager.py:878} INFO - 
================================================================================
DAG File Processing Stats

File Path                             PID    Runtime      # DAGs    # Errors  Last Runtime    Last Run
------------------------------------  -----  ---------  --------  ----------  --------------  -------------------
/opt/airflow/dags/ml_pipeline_dag.py                           0           1  0.96s           2025-07-26T09:30:54
================================================================================
[2025-07-26T09:31:46.926+0000] {manager.py:878} INFO - 
================================================================================
DAG File Processing Stats

File Path                             PID    Runtime      # DAGs    # Errors  Last Runtime    Last Run
------------------------------------  -----  ---------  --------  ----------  --------------  -------------------
/opt/airflow/dags/ml_pipeline_dag.py                           0           1  0.91s           2025-07-26T09:31:25
================================================================================
[2025-07-26T09:32:17.186+0000] {manager.py:878} INFO - 
================================================================================
DAG File Processing Stats

File Path                             PID    Runtime      # DAGs    # Errors  Last Runtime    Last Run
------------------------------------  -----  ---------  --------  ----------  --------------  -------------------
/opt/airflow/dags/ml_pipeline_dag.py                           0           1  0.92s           2025-07-26T09:31:56
================================================================================
[2025-07-26T09:32:47.341+0000] {manager.py:878} INFO - 
================================================================================
DAG File Processing Stats

File Path                             PID    Runtime      # DAGs    # Errors  Last Runtime    Last Run
------------------------------------  -----  ---------  --------  ----------  --------------  -------------------
/opt/airflow/dags/ml_pipeline_dag.py                           0           1  0.81s           2025-07-26T09:32:28
================================================================================
[2025-07-26T09:33:15.405+0000] {manager.py:737} INFO - Searching for files in /opt/airflow/dags
[2025-07-26T09:33:15.424+0000] {manager.py:740} INFO - There are 1 files in /opt/airflow/dags
[2025-07-26T09:33:17.454+0000] {manager.py:878} INFO - 
================================================================================
DAG File Processing Stats

File Path                             PID    Runtime      # DAGs    # Errors  Last Runtime    Last Run
------------------------------------  -----  ---------  --------  ----------  --------------  -------------------
/opt/airflow/dags/ml_pipeline_dag.py                           0           1  1.33s           2025-07-26T09:32:59
================================================================================
[2025-07-26T09:33:47.479+0000] {manager.py:878} INFO - 
================================================================================
DAG File Processing Stats

File Path                             PID    Runtime      # DAGs    # Errors  Last Runtime    Last Run
------------------------------------  -----  ---------  --------  ----------  --------------  -------------------
/opt/airflow/dags/ml_pipeline_dag.py                           0           1  0.77s           2025-07-26T09:33:30
================================================================================
[2025-07-26T09:34:17.922+0000] {manager.py:878} INFO - 
================================================================================
DAG File Processing Stats

File Path                             PID    Runtime      # DAGs    # Errors  Last Runtime    Last Run
------------------------------------  -----  ---------  --------  ----------  --------------  -------------------
/opt/airflow/dags/ml_pipeline_dag.py                           0           1  1.04s           2025-07-26T09:34:01
================================================================================
[2025-07-26T09:34:48.220+0000] {manager.py:878} INFO - 
================================================================================
DAG File Processing Stats

File Path                             PID    Runtime      # DAGs    # Errors  Last Runtime    Last Run
------------------------------------  -----  ---------  --------  ----------  --------------  -------------------
/opt/airflow/dags/ml_pipeline_dag.py                           0           1  1.03s           2025-07-26T09:34:33
================================================================================
[2025-07-26T09:35:18.231+0000] {manager.py:878} INFO - 
================================================================================
DAG File Processing Stats

File Path                             PID    Runtime      # DAGs    # Errors  Last Runtime    Last Run
------------------------------------  -----  ---------  --------  ----------  --------------  -------------------
/opt/airflow/dags/ml_pipeline_dag.py                           0           1  0.63s           2025-07-26T09:35:04
================================================================================
[2025-07-26T09:35:48.324+0000] {manager.py:878} INFO - 
================================================================================
DAG File Processing Stats

File Path                             PID    Runtime      # DAGs    # Errors  Last Runtime    Last Run
------------------------------------  -----  ---------  --------  ----------  --------------  -------------------
/opt/airflow/dags/ml_pipeline_dag.py                           0           1  0.75s           2025-07-26T09:35:35
================================================================================
[2025-07-26T09:36:18.573+0000] {manager.py:878} INFO - 
================================================================================
DAG File Processing Stats

File Path                             PID    Runtime      # DAGs    # Errors  Last Runtime    Last Run
------------------------------------  -----  ---------  --------  ----------  --------------  -------------------
/opt/airflow/dags/ml_pipeline_dag.py                           0           1  0.72s           2025-07-26T09:36:05
================================================================================
[2025-07-26T09:36:48.876+0000] {manager.py:878} INFO - 
================================================================================
DAG File Processing Stats

File Path                             PID    Runtime      # DAGs    # Errors  Last Runtime    Last Run
------------------------------------  -----  ---------  --------  ----------  --------------  -------------------
/opt/airflow/dags/ml_pipeline_dag.py                           0           1  0.68s           2025-07-26T09:36:36
================================================================================
[2025-07-26T09:37:19.112+0000] {manager.py:878} INFO - 
================================================================================
DAG File Processing Stats

File Path                             PID    Runtime      # DAGs    # Errors  Last Runtime    Last Run
------------------------------------  -----  ---------  --------  ----------  --------------  -------------------
/opt/airflow/dags/ml_pipeline_dag.py                           0           1  0.94s           2025-07-26T09:37:07
================================================================================
[2025-07-26T09:37:49.187+0000] {manager.py:878} INFO - 
================================================================================
DAG File Processing Stats

File Path                             PID    Runtime      # DAGs    # Errors  Last Runtime    Last Run
------------------------------------  -----  ---------  --------  ----------  --------------  -------------------
/opt/airflow/dags/ml_pipeline_dag.py                           0           1  0.71s           2025-07-26T09:37:39
================================================================================
[2025-07-26T09:38:15.908+0000] {manager.py:737} INFO - Searching for files in /opt/airflow/dags
[2025-07-26T09:38:16.030+0000] {manager.py:740} INFO - There are 1 files in /opt/airflow/dags
[2025-07-26T09:38:19.240+0000] {manager.py:878} INFO - 
================================================================================
DAG File Processing Stats

File Path                             PID    Runtime      # DAGs    # Errors  Last Runtime    Last Run
------------------------------------  -----  ---------  --------  ----------  --------------  -------------------
/opt/airflow/dags/ml_pipeline_dag.py                           0           1  0.71s           2025-07-26T09:38:10
================================================================================
[2025-07-26T09:38:49.668+0000] {manager.py:878} INFO - 
================================================================================
DAG File Processing Stats

File Path                             PID    Runtime      # DAGs    # Errors  Last Runtime    Last Run
------------------------------------  -----  ---------  --------  ----------  --------------  -------------------
/opt/airflow/dags/ml_pipeline_dag.py                           0           1  0.63s           2025-07-26T09:38:41
================================================================================
[2025-07-26T09:39:19.766+0000] {manager.py:878} INFO - 
================================================================================
DAG File Processing Stats

File Path                             PID    Runtime      # DAGs    # Errors  Last Runtime    Last Run
------------------------------------  -----  ---------  --------  ----------  --------------  -------------------
/opt/airflow/dags/ml_pipeline_dag.py                           0           1  0.79s           2025-07-26T09:39:12
================================================================================
[2025-07-26T09:39:49.837+0000] {manager.py:878} INFO - 
================================================================================
DAG File Processing Stats

File Path                             PID    Runtime      # DAGs    # Errors  Last Runtime    Last Run
------------------------------------  -----  ---------  --------  ----------  --------------  -------------------
/opt/airflow/dags/ml_pipeline_dag.py                           0           1  0.82s           2025-07-26T09:39:43
================================================================================
[2025-07-26T09:40:12.289+0000] {manager.py:452} INFO - Exiting gracefully upon receiving signal 15
[2025-07-26T09:41:20.044+0000] {manager.py:470} INFO - Processing files using up to 2 processes at a time 
[2025-07-26T09:41:20.046+0000] {manager.py:471} INFO - Process each file at most once every 30 seconds
[2025-07-26T09:41:20.048+0000] {manager.py:472} INFO - Checking for new files in /opt/airflow/dags every 300 seconds
[2025-07-26T09:41:20.049+0000] {manager.py:737} INFO - Searching for files in /opt/airflow/dags
[2025-07-26T09:41:20.078+0000] {manager.py:740} INFO - There are 1 files in /opt/airflow/dags
[2025-07-26T09:41:20.224+0000] {manager.py:878} INFO - 
================================================================================
DAG File Processing Stats

File Path                               PID  Runtime      # DAGs    # Errors  Last Runtime    Last Run
------------------------------------  -----  ---------  --------  ----------  --------------  ----------
/opt/airflow/dags/ml_pipeline_dag.py    164  0.06s             0           0
================================================================================
[2025-07-26T09:41:50.425+0000] {manager.py:878} INFO - 
================================================================================
DAG File Processing Stats

File Path                             PID    Runtime      # DAGs    # Errors  Last Runtime    Last Run
------------------------------------  -----  ---------  --------  ----------  --------------  -------------------
/opt/airflow/dags/ml_pipeline_dag.py                           0           1  1.99s           2025-07-26T09:41:22
================================================================================
[2025-07-26T09:42:20.508+0000] {manager.py:878} INFO - 
================================================================================
DAG File Processing Stats

File Path                             PID    Runtime      # DAGs    # Errors  Last Runtime    Last Run
------------------------------------  -----  ---------  --------  ----------  --------------  -------------------
/opt/airflow/dags/ml_pipeline_dag.py                           0           1  0.75s           2025-07-26T09:41:53
================================================================================
[2025-07-26T09:42:50.576+0000] {manager.py:878} INFO - 
================================================================================
DAG File Processing Stats

File Path                             PID    Runtime      # DAGs    # Errors  Last Runtime    Last Run
------------------------------------  -----  ---------  --------  ----------  --------------  -------------------
/opt/airflow/dags/ml_pipeline_dag.py                           0           1  0.65s           2025-07-26T09:42:24
================================================================================
[2025-07-26T09:43:21.131+0000] {manager.py:878} INFO - 
================================================================================
DAG File Processing Stats

File Path                             PID    Runtime      # DAGs    # Errors  Last Runtime    Last Run
------------------------------------  -----  ---------  --------  ----------  --------------  -------------------
/opt/airflow/dags/ml_pipeline_dag.py                           0           1  0.66s           2025-07-26T09:42:55
================================================================================
[2025-07-26T09:43:51.415+0000] {manager.py:878} INFO - 
================================================================================
DAG File Processing Stats

File Path                             PID    Runtime      # DAGs    # Errors  Last Runtime    Last Run
------------------------------------  -----  ---------  --------  ----------  --------------  -------------------
/opt/airflow/dags/ml_pipeline_dag.py                           0           1  0.93s           2025-07-26T09:43:26
================================================================================
[2025-07-26T09:44:21.755+0000] {manager.py:878} INFO - 
================================================================================
DAG File Processing Stats

File Path                             PID    Runtime      # DAGs    # Errors  Last Runtime    Last Run
------------------------------------  -----  ---------  --------  ----------  --------------  -------------------
/opt/airflow/dags/ml_pipeline_dag.py                           0           1  0.81s           2025-07-26T09:43:57
================================================================================
[2025-07-26T09:44:52.047+0000] {manager.py:878} INFO - 
================================================================================
DAG File Processing Stats

File Path                             PID    Runtime      # DAGs    # Errors  Last Runtime    Last Run
------------------------------------  -----  ---------  --------  ----------  --------------  -------------------
/opt/airflow/dags/ml_pipeline_dag.py                           0           1  0.66s           2025-07-26T09:44:28
================================================================================
[2025-07-26T09:45:22.300+0000] {manager.py:878} INFO - 
================================================================================
DAG File Processing Stats

File Path                             PID    Runtime      # DAGs    # Errors  Last Runtime    Last Run
------------------------------------  -----  ---------  --------  ----------  --------------  -------------------
/opt/airflow/dags/ml_pipeline_dag.py                           0           1  1.05s           2025-07-26T09:45:00
================================================================================
[2025-07-26T09:45:52.520+0000] {manager.py:878} INFO - 
================================================================================
DAG File Processing Stats

File Path                             PID    Runtime      # DAGs    # Errors  Last Runtime    Last Run
------------------------------------  -----  ---------  --------  ----------  --------------  -------------------
/opt/airflow/dags/ml_pipeline_dag.py                           0           1  0.80s           2025-07-26T09:45:31
================================================================================
[2025-07-26T09:46:20.430+0000] {manager.py:737} INFO - Searching for files in /opt/airflow/dags
[2025-07-26T09:46:20.464+0000] {manager.py:740} INFO - There are 1 files in /opt/airflow/dags
[2025-07-26T09:46:23.000+0000] {manager.py:878} INFO - 
================================================================================
DAG File Processing Stats

File Path                             PID    Runtime      # DAGs    # Errors  Last Runtime    Last Run
------------------------------------  -----  ---------  --------  ----------  --------------  -------------------
/opt/airflow/dags/ml_pipeline_dag.py                           0           1  0.71s           2025-07-26T09:46:02
================================================================================
[2025-07-26T09:46:53.252+0000] {manager.py:878} INFO - 
================================================================================
DAG File Processing Stats

File Path                             PID    Runtime      # DAGs    # Errors  Last Runtime    Last Run
------------------------------------  -----  ---------  --------  ----------  --------------  -------------------
/opt/airflow/dags/ml_pipeline_dag.py                           0           1  0.78s           2025-07-26T09:46:33
================================================================================
[2025-07-26T09:47:23.510+0000] {manager.py:878} INFO - 
================================================================================
DAG File Processing Stats

File Path                             PID    Runtime      # DAGs    # Errors  Last Runtime    Last Run
------------------------------------  -----  ---------  --------  ----------  --------------  -------------------
/opt/airflow/dags/ml_pipeline_dag.py                           0           1  0.71s           2025-07-26T09:47:04
================================================================================
[2025-07-26T09:47:53.716+0000] {manager.py:878} INFO - 
================================================================================
DAG File Processing Stats

File Path                             PID    Runtime      # DAGs    # Errors  Last Runtime    Last Run
------------------------------------  -----  ---------  --------  ----------  --------------  -------------------
/opt/airflow/dags/ml_pipeline_dag.py                           0           1  0.77s           2025-07-26T09:47:35
================================================================================
[2025-07-26T09:48:23.860+0000] {manager.py:878} INFO - 
================================================================================
DAG File Processing Stats

File Path                             PID    Runtime      # DAGs    # Errors  Last Runtime    Last Run
------------------------------------  -----  ---------  --------  ----------  --------------  -------------------
/opt/airflow/dags/ml_pipeline_dag.py                           0           1  0.75s           2025-07-26T09:48:06
================================================================================
[2025-07-26T09:48:54.026+0000] {manager.py:878} INFO - 
================================================================================
DAG File Processing Stats

File Path                             PID    Runtime      # DAGs    # Errors  Last Runtime    Last Run
------------------------------------  -----  ---------  --------  ----------  --------------  -------------------
/opt/airflow/dags/ml_pipeline_dag.py                           0           1  0.79s           2025-07-26T09:48:37
================================================================================
[2025-07-26T09:49:24.032+0000] {manager.py:878} INFO - 
================================================================================
DAG File Processing Stats

File Path                             PID    Runtime      # DAGs    # Errors  Last Runtime    Last Run
------------------------------------  -----  ---------  --------  ----------  --------------  -------------------
/opt/airflow/dags/ml_pipeline_dag.py                           0           1  0.69s           2025-07-26T09:49:08
================================================================================
[2025-07-26T09:49:54.447+0000] {manager.py:878} INFO - 
================================================================================
DAG File Processing Stats

File Path                             PID    Runtime      # DAGs    # Errors  Last Runtime    Last Run
------------------------------------  -----  ---------  --------  ----------  --------------  -------------------
/opt/airflow/dags/ml_pipeline_dag.py                           0           1  0.62s           2025-07-26T09:49:39
================================================================================
[2025-07-26T09:50:24.818+0000] {manager.py:878} INFO - 
================================================================================
DAG File Processing Stats

File Path                             PID    Runtime      # DAGs    # Errors  Last Runtime    Last Run
------------------------------------  -----  ---------  --------  ----------  --------------  -------------------
/opt/airflow/dags/ml_pipeline_dag.py                           0           1  0.53s           2025-07-26T09:50:10
================================================================================
[2025-07-26T09:50:55.264+0000] {manager.py:878} INFO - 
================================================================================
DAG File Processing Stats

File Path                             PID    Runtime      # DAGs    # Errors  Last Runtime    Last Run
------------------------------------  -----  ---------  --------  ----------  --------------  -------------------
/opt/airflow/dags/ml_pipeline_dag.py                           0           1  0.59s           2025-07-26T09:50:41
================================================================================
[2025-07-26T09:51:20.563+0000] {manager.py:737} INFO - Searching for files in /opt/airflow/dags
[2025-07-26T09:51:20.658+0000] {manager.py:740} INFO - There are 1 files in /opt/airflow/dags
[2025-07-26T09:51:25.771+0000] {manager.py:878} INFO - 
================================================================================
DAG File Processing Stats

File Path                             PID    Runtime      # DAGs    # Errors  Last Runtime    Last Run
------------------------------------  -----  ---------  --------  ----------  --------------  -------------------
/opt/airflow/dags/ml_pipeline_dag.py                           0           1  0.65s           2025-07-26T09:51:12
================================================================================
[2025-07-26T09:51:55.842+0000] {manager.py:878} INFO - 
================================================================================
DAG File Processing Stats

File Path                             PID    Runtime      # DAGs    # Errors  Last Runtime    Last Run
------------------------------------  -----  ---------  --------  ----------  --------------  -------------------
/opt/airflow/dags/ml_pipeline_dag.py                           0           1  0.71s           2025-07-26T09:51:43
================================================================================
[2025-07-26T09:52:26.069+0000] {manager.py:878} INFO - 
================================================================================
DAG File Processing Stats

File Path                             PID    Runtime      # DAGs    # Errors  Last Runtime    Last Run
------------------------------------  -----  ---------  --------  ----------  --------------  -------------------
/opt/airflow/dags/ml_pipeline_dag.py                           0           1  0.76s           2025-07-26T09:52:14
================================================================================
[2025-07-26T09:52:56.873+0000] {manager.py:878} INFO - 
================================================================================
DAG File Processing Stats

File Path                             PID    Runtime      # DAGs    # Errors  Last Runtime    Last Run
------------------------------------  -----  ---------  --------  ----------  --------------  -------------------
/opt/airflow/dags/ml_pipeline_dag.py                           0           1  0.55s           2025-07-26T09:52:45
================================================================================
[2025-07-26T09:53:26.981+0000] {manager.py:878} INFO - 
================================================================================
DAG File Processing Stats

File Path                             PID    Runtime      # DAGs    # Errors  Last Runtime    Last Run
------------------------------------  -----  ---------  --------  ----------  --------------  -------------------
/opt/airflow/dags/ml_pipeline_dag.py                           0           1  0.67s           2025-07-26T09:53:16
================================================================================
[2025-07-26T09:53:57.722+0000] {manager.py:878} INFO - 
================================================================================
DAG File Processing Stats

File Path                             PID    Runtime      # DAGs    # Errors  Last Runtime    Last Run
------------------------------------  -----  ---------  --------  ----------  --------------  -------------------
/opt/airflow/dags/ml_pipeline_dag.py                           0           1  0.55s           2025-07-26T09:53:47
================================================================================
[2025-07-26T09:54:27.953+0000] {manager.py:878} INFO - 
================================================================================
DAG File Processing Stats

File Path                             PID    Runtime      # DAGs    # Errors  Last Runtime    Last Run
------------------------------------  -----  ---------  --------  ----------  --------------  -------------------
/opt/airflow/dags/ml_pipeline_dag.py                           0           1  0.86s           2025-07-26T09:54:18
================================================================================
[2025-07-26T09:54:58.090+0000] {manager.py:878} INFO - 
================================================================================
DAG File Processing Stats

File Path                             PID    Runtime      # DAGs    # Errors  Last Runtime    Last Run
------------------------------------  -----  ---------  --------  ----------  --------------  -------------------
/opt/airflow/dags/ml_pipeline_dag.py                           0           1  0.72s           2025-07-26T09:54:49
================================================================================
[2025-07-26T09:55:28.160+0000] {manager.py:878} INFO - 
================================================================================
DAG File Processing Stats

File Path                             PID    Runtime      # DAGs    # Errors  Last Runtime    Last Run
------------------------------------  -----  ---------  --------  ----------  --------------  -------------------
/opt/airflow/dags/ml_pipeline_dag.py                           0           1  0.67s           2025-07-26T09:55:21
================================================================================
[2025-07-26T09:55:58.540+0000] {manager.py:878} INFO - 
================================================================================
DAG File Processing Stats

File Path                             PID    Runtime      # DAGs    # Errors  Last Runtime    Last Run
------------------------------------  -----  ---------  --------  ----------  --------------  -------------------
/opt/airflow/dags/ml_pipeline_dag.py                           0           1  0.67s           2025-07-26T09:55:52
================================================================================
[2025-07-26T09:56:20.794+0000] {manager.py:737} INFO - Searching for files in /opt/airflow/dags
[2025-07-26T09:56:20.826+0000] {manager.py:740} INFO - There are 1 files in /opt/airflow/dags
[2025-07-26T09:56:28.935+0000] {manager.py:878} INFO - 
================================================================================
DAG File Processing Stats

File Path                             PID    Runtime      # DAGs    # Errors  Last Runtime    Last Run
------------------------------------  -----  ---------  --------  ----------  --------------  -------------------
/opt/airflow/dags/ml_pipeline_dag.py                           0           1  0.75s           2025-07-26T09:56:23
================================================================================
[2025-07-26T09:56:59.056+0000] {manager.py:878} INFO - 
================================================================================
DAG File Processing Stats

File Path                             PID    Runtime      # DAGs    # Errors  Last Runtime    Last Run
------------------------------------  -----  ---------  --------  ----------  --------------  -------------------
/opt/airflow/dags/ml_pipeline_dag.py                           0           1  0.73s           2025-07-26T09:56:53
================================================================================
[2025-07-26T09:57:29.241+0000] {manager.py:878} INFO - 
================================================================================
DAG File Processing Stats

File Path                             PID    Runtime      # DAGs    # Errors  Last Runtime    Last Run
------------------------------------  -----  ---------  --------  ----------  --------------  -------------------
/opt/airflow/dags/ml_pipeline_dag.py                           0           1  0.78s           2025-07-26T09:57:25
================================================================================
[2025-07-26T09:57:59.637+0000] {manager.py:878} INFO - 
================================================================================
DAG File Processing Stats

File Path                             PID    Runtime      # DAGs    # Errors  Last Runtime    Last Run
------------------------------------  -----  ---------  --------  ----------  --------------  -------------------
/opt/airflow/dags/ml_pipeline_dag.py                           0           1  0.60s           2025-07-26T09:57:55
================================================================================
[2025-07-26T09:58:29.998+0000] {manager.py:878} INFO - 
================================================================================
DAG File Processing Stats

File Path                             PID    Runtime      # DAGs    # Errors  Last Runtime    Last Run
------------------------------------  -----  ---------  --------  ----------  --------------  -------------------
/opt/airflow/dags/ml_pipeline_dag.py                           0           1  0.80s           2025-07-26T09:58:27
================================================================================
[2025-07-26T09:59:00.377+0000] {manager.py:878} INFO - 
================================================================================
DAG File Processing Stats

File Path                             PID    Runtime      # DAGs    # Errors  Last Runtime    Last Run
------------------------------------  -----  ---------  --------  ----------  --------------  -------------------
/opt/airflow/dags/ml_pipeline_dag.py                           0           1  0.93s           2025-07-26T09:58:58
================================================================================
